ERROR - 2022-05-28 07:24:02 --> Error connecting to the database: Access denied for user ''@'localhost' (using password: NO)
CRITICAL - 2022-05-28 08:37:28 --> Undefined array key 0
#0 D:\Projects\ekasir-lisa\app\Controllers\Authentikasi.php(40): CodeIgniter\Debug\Exceptions->errorHandler(2, 'Undefined array...', 'D:\\Projects\\eka...', 40)
#1 D:\Projects\ekasir-lisa\system\CodeIgniter.php(832): App\Controllers\Authentikasi->do_login()
#2 D:\Projects\ekasir-lisa\system\CodeIgniter.php(419): CodeIgniter\CodeIgniter->runController(Object(App\Controllers\Authentikasi))
#3 D:\Projects\ekasir-lisa\system\CodeIgniter.php(326): CodeIgniter\CodeIgniter->handleRequest(NULL, Object(Config\Cache), false)
#4 D:\Projects\ekasir-lisa\public\index.php(37): CodeIgniter\CodeIgniter->run()
#5 D:\Projects\ekasir-lisa\system\Commands\Server\rewrite.php(43): require_once('D:\\Projects\\eka...')
#6 {main}
CRITICAL - 2022-05-28 08:45:48 --> Call to undefined function auth()
#0 D:\Projects\ekasir-lisa\system\View\View.php(210): include()
#1 D:\Projects\ekasir-lisa\system\View\View.php(213): CodeIgniter\View\View->CodeIgniter\View\{closure}()
#2 D:\Projects\ekasir-lisa\system\View\View.php(424): CodeIgniter\View\View->render('templates/topba...', NULL, true)
#3 D:\Projects\ekasir-lisa\app\Views\templates\layout.php(23): CodeIgniter\View\View->include('templates/topba...')
#4 D:\Projects\ekasir-lisa\system\View\View.php(210): include('D:\\Projects\\eka...')
#5 D:\Projects\ekasir-lisa\system\View\View.php(213): CodeIgniter\View\View->CodeIgniter\View\{closure}()
#6 D:\Projects\ekasir-lisa\system\View\View.php(226): CodeIgniter\View\View->render('templates/layou...', Array, true)
#7 D:\Projects\ekasir-lisa\system\Common.php(1089): CodeIgniter\View\View->render('dashboard', Array, true)
#8 D:\Projects\ekasir-lisa\app\Controllers\Dashboard.php(9): view('dashboard')
#9 D:\Projects\ekasir-lisa\system\CodeIgniter.php(832): App\Controllers\Dashboard->index()
#10 D:\Projects\ekasir-lisa\system\CodeIgniter.php(419): CodeIgniter\CodeIgniter->runController(Object(App\Controllers\Dashboard))
#11 D:\Projects\ekasir-lisa\system\CodeIgniter.php(326): CodeIgniter\CodeIgniter->handleRequest(NULL, Object(Config\Cache), false)
#12 D:\Projects\ekasir-lisa\public\index.php(37): CodeIgniter\CodeIgniter->run()
#13 D:\Projects\ekasir-lisa\system\Commands\Server\rewrite.php(43): require_once('D:\\Projects\\eka...')
#14 {main}
CRITICAL - 2022-05-28 08:46:32 --> Call to undefined function auth()
#0 D:\Projects\ekasir-lisa\system\View\View.php(210): include()
#1 D:\Projects\ekasir-lisa\system\View\View.php(213): CodeIgniter\View\View->CodeIgniter\View\{closure}()
#2 D:\Projects\ekasir-lisa\system\View\View.php(424): CodeIgniter\View\View->render('templates/topba...', NULL, true)
#3 D:\Projects\ekasir-lisa\app\Views\templates\layout.php(23): CodeIgniter\View\View->include('templates/topba...')
#4 D:\Projects\ekasir-lisa\system\View\View.php(210): include('D:\\Projects\\eka...')
#5 D:\Projects\ekasir-lisa\system\View\View.php(213): CodeIgniter\View\View->CodeIgniter\View\{closure}()
#6 D:\Projects\ekasir-lisa\system\View\View.php(226): CodeIgniter\View\View->render('templates/layou...', Array, true)
#7 D:\Projects\ekasir-lisa\system\Common.php(1089): CodeIgniter\View\View->render('dashboard', Array, true)
#8 D:\Projects\ekasir-lisa\app\Controllers\Dashboard.php(9): view('dashboard')
#9 D:\Projects\ekasir-lisa\system\CodeIgniter.php(832): App\Controllers\Dashboard->index()
#10 D:\Projects\ekasir-lisa\system\CodeIgniter.php(419): CodeIgniter\CodeIgniter->runController(Object(App\Controllers\Dashboard))
#11 D:\Projects\ekasir-lisa\system\CodeIgniter.php(326): CodeIgniter\CodeIgniter->handleRequest(NULL, Object(Config\Cache), false)
#12 D:\Projects\ekasir-lisa\public\index.php(37): CodeIgniter\CodeIgniter->run()
#13 D:\Projects\ekasir-lisa\system\Commands\Server\rewrite.php(43): require_once('D:\\Projects\\eka...')
#14 {main}
