CRITICAL - 2022-05-27 18:46:37 --> Undefined variable $title
#0 D:\Projects\ekasir-lisa\app\Views\templates\auth_layout.php(9): CodeIgniter\Debug\Exceptions->errorHandler(2, 'Undefined varia...', 'D:\\Projects\\eka...', 9)
#1 D:\Projects\ekasir-lisa\system\View\View.php(210): include('D:\\Projects\\eka...')
#2 D:\Projects\ekasir-lisa\system\View\View.php(213): CodeIgniter\View\View->CodeIgniter\View\{closure}()
#3 D:\Projects\ekasir-lisa\system\View\View.php(226): CodeIgniter\View\View->render('templates/auth_...', Array, true)
#4 D:\Projects\ekasir-lisa\system\Common.php(1089): CodeIgniter\View\View->render('auth/login', Array, true)
#5 D:\Projects\ekasir-lisa\app\Controllers\Authentikasi.php(14): view('auth/login')
#6 D:\Projects\ekasir-lisa\system\CodeIgniter.php(832): App\Controllers\Authentikasi->index()
#7 D:\Projects\ekasir-lisa\system\CodeIgniter.php(419): CodeIgniter\CodeIgniter->runController(Object(App\Controllers\Authentikasi))
#8 D:\Projects\ekasir-lisa\system\CodeIgniter.php(326): CodeIgniter\CodeIgniter->handleRequest(NULL, Object(Config\Cache), false)
#9 D:\Projects\ekasir-lisa\public\index.php(37): CodeIgniter\CodeIgniter->run()
#10 D:\Projects\ekasir-lisa\system\Commands\Server\rewrite.php(43): require_once('D:\\Projects\\eka...')
#11 {main}
CRITICAL - 2022-05-27 18:55:11 --> Call to undefined method CodeIgniter\View\View::extends()
#0 D:\Projects\ekasir-lisa\system\View\View.php(210): include()
#1 D:\Projects\ekasir-lisa\system\View\View.php(213): CodeIgniter\View\View->CodeIgniter\View\{closure}()
#2 D:\Projects\ekasir-lisa\system\Common.php(1089): CodeIgniter\View\View->render('dashboard', Array, true)
#3 D:\Projects\ekasir-lisa\app\Controllers\Dashboard.php(9): view('dashboard')
#4 D:\Projects\ekasir-lisa\system\CodeIgniter.php(832): App\Controllers\Dashboard->index()
#5 D:\Projects\ekasir-lisa\system\CodeIgniter.php(419): CodeIgniter\CodeIgniter->runController(Object(App\Controllers\Dashboard))
#6 D:\Projects\ekasir-lisa\system\CodeIgniter.php(326): CodeIgniter\CodeIgniter->handleRequest(NULL, Object(Config\Cache), false)
#7 D:\Projects\ekasir-lisa\public\index.php(37): CodeIgniter\CodeIgniter->run()
#8 D:\Projects\ekasir-lisa\system\Commands\Server\rewrite.php(43): require_once('D:\\Projects\\eka...')
#9 {main}
