CRITICAL - 2022-07-01 16:08:38 --> Undefined array key "id_produk"
#0 D:\Kuliah\Kerja Praktik\program\ekasir\app\Views\produk\list_produk.php(28): CodeIgniter\Debug\Exceptions->errorHandler(2, 'Undefined array...', 'D:\\Kuliah\\Kerja...', 28)
#1 D:\Kuliah\Kerja Praktik\program\ekasir\system\View\View.php(210): include('D:\\Kuliah\\Kerja...')
#2 D:\Kuliah\Kerja Praktik\program\ekasir\system\View\View.php(213): CodeIgniter\View\View->CodeIgniter\View\{closure}()
#3 D:\Kuliah\Kerja Praktik\program\ekasir\system\Common.php(1089): CodeIgniter\View\View->render('produk/list_pro...', Array, true)
#4 D:\Kuliah\Kerja Praktik\program\ekasir\app\Controllers\Produk.php(27): view('produk/list_pro...', Array)
#5 D:\Kuliah\Kerja Praktik\program\ekasir\system\CodeIgniter.php(832): App\Controllers\Produk->index()
#6 D:\Kuliah\Kerja Praktik\program\ekasir\system\CodeIgniter.php(419): CodeIgniter\CodeIgniter->runController(Object(App\Controllers\Produk))
#7 D:\Kuliah\Kerja Praktik\program\ekasir\system\CodeIgniter.php(326): CodeIgniter\CodeIgniter->handleRequest(NULL, Object(Config\Cache), false)
#8 D:\Kuliah\Kerja Praktik\program\ekasir\public\index.php(37): CodeIgniter\CodeIgniter->run()
#9 D:\Kuliah\Kerja Praktik\program\ekasir\system\Commands\Server\rewrite.php(43): require_once('D:\\Kuliah\\Kerja...')
#10 {main}
CRITICAL - 2022-07-01 22:08:52 --> Call to undefined function form_open_multipart()
#0 D:\Kuliah\Kerja Praktik\program\ekasir\system\View\View.php(210): include()
#1 D:\Kuliah\Kerja Praktik\program\ekasir\system\View\View.php(213): CodeIgniter\View\View->CodeIgniter\View\{closure}()
#2 D:\Kuliah\Kerja Praktik\program\ekasir\system\Common.php(1089): CodeIgniter\View\View->render('supplier/add_su...', Array, true)
#3 D:\Kuliah\Kerja Praktik\program\ekasir\app\Controllers\Supplier.php(22): view('supplier/add_su...')
#4 D:\Kuliah\Kerja Praktik\program\ekasir\system\CodeIgniter.php(832): App\Controllers\Supplier->add()
#5 D:\Kuliah\Kerja Praktik\program\ekasir\system\CodeIgniter.php(419): CodeIgniter\CodeIgniter->runController(Object(App\Controllers\Supplier))
#6 D:\Kuliah\Kerja Praktik\program\ekasir\system\CodeIgniter.php(326): CodeIgniter\CodeIgniter->handleRequest(NULL, Object(Config\Cache), false)
#7 D:\Kuliah\Kerja Praktik\program\ekasir\public\index.php(37): CodeIgniter\CodeIgniter->run()
#8 D:\Kuliah\Kerja Praktik\program\ekasir\system\Commands\Server\rewrite.php(43): require_once('D:\\Kuliah\\Kerja...')
#9 {main}
