CRITICAL - 2022-07-23 05:27:50 --> Class "App\Models\PenjualanModel" not found
#0 D:\Kuliah\Kerja Praktik\program\ekasir\system\CodeIgniter.php(809): App\Controllers\Penjualan->__construct()
#1 D:\Kuliah\Kerja Praktik\program\ekasir\system\CodeIgniter.php(410): CodeIgniter\CodeIgniter->createController()
#2 D:\Kuliah\Kerja Praktik\program\ekasir\system\CodeIgniter.php(326): CodeIgniter\CodeIgniter->handleRequest(NULL, Object(Config\Cache), false)
#3 D:\Kuliah\Kerja Praktik\program\ekasir\public\index.php(37): CodeIgniter\CodeIgniter->run()
#4 D:\Kuliah\Kerja Praktik\program\ekasir\system\Commands\Server\rewrite.php(43): require_once('D:\\Kuliah\\Kerja...')
#5 {main}
CRITICAL - 2022-07-23 05:28:03 --> Class "App\Models\PenjualanModel" not found
#0 D:\Kuliah\Kerja Praktik\program\ekasir\system\CodeIgniter.php(809): App\Controllers\Penjualan->__construct()
#1 D:\Kuliah\Kerja Praktik\program\ekasir\system\CodeIgniter.php(410): CodeIgniter\CodeIgniter->createController()
#2 D:\Kuliah\Kerja Praktik\program\ekasir\system\CodeIgniter.php(326): CodeIgniter\CodeIgniter->handleRequest(NULL, Object(Config\Cache), false)
#3 D:\Kuliah\Kerja Praktik\program\ekasir\public\index.php(37): CodeIgniter\CodeIgniter->run()
#4 D:\Kuliah\Kerja Praktik\program\ekasir\system\Commands\Server\rewrite.php(43): require_once('D:\\Kuliah\\Kerja...')
#5 {main}
CRITICAL - 2022-07-23 05:31:02 --> Invalid file: detailpenjualan/edit_detailpenjualan.php
#0 D:\Kuliah\Kerja Praktik\program\ekasir\system\View\View.php(198): CodeIgniter\Exceptions\FrameworkException::forInvalidFile('detailpenjualan...')
#1 D:\Kuliah\Kerja Praktik\program\ekasir\system\Common.php(1089): CodeIgniter\View\View->render('detailpenjualan...', Array, true)
#2 D:\Kuliah\Kerja Praktik\program\ekasir\app\Controllers\DetailPenjualan.php(85): view('detailpenjualan...', Array)
#3 D:\Kuliah\Kerja Praktik\program\ekasir\system\CodeIgniter.php(832): App\Controllers\DetailPenjualan->edit('2')
#4 D:\Kuliah\Kerja Praktik\program\ekasir\system\CodeIgniter.php(419): CodeIgniter\CodeIgniter->runController(Object(App\Controllers\DetailPenjualan))
#5 D:\Kuliah\Kerja Praktik\program\ekasir\system\CodeIgniter.php(326): CodeIgniter\CodeIgniter->handleRequest(NULL, Object(Config\Cache), false)
#6 D:\Kuliah\Kerja Praktik\program\ekasir\public\index.php(37): CodeIgniter\CodeIgniter->run()
#7 D:\Kuliah\Kerja Praktik\program\ekasir\system\Commands\Server\rewrite.php(43): require_once('D:\\Kuliah\\Kerja...')
#8 {main}
CRITICAL - 2022-07-23 05:33:09 --> Invalid file: detailpenjualan/editpenjualan.php
#0 D:\Kuliah\Kerja Praktik\program\ekasir\system\View\View.php(198): CodeIgniter\Exceptions\FrameworkException::forInvalidFile('detailpenjualan...')
#1 D:\Kuliah\Kerja Praktik\program\ekasir\system\Common.php(1089): CodeIgniter\View\View->render('detailpenjualan...', Array, true)
#2 D:\Kuliah\Kerja Praktik\program\ekasir\app\Controllers\DetailPenjualan.php(85): view('detailpenjualan...', Array)
#3 D:\Kuliah\Kerja Praktik\program\ekasir\system\CodeIgniter.php(832): App\Controllers\DetailPenjualan->edit('2')
#4 D:\Kuliah\Kerja Praktik\program\ekasir\system\CodeIgniter.php(419): CodeIgniter\CodeIgniter->runController(Object(App\Controllers\DetailPenjualan))
#5 D:\Kuliah\Kerja Praktik\program\ekasir\system\CodeIgniter.php(326): CodeIgniter\CodeIgniter->handleRequest(NULL, Object(Config\Cache), false)
#6 D:\Kuliah\Kerja Praktik\program\ekasir\public\index.php(37): CodeIgniter\CodeIgniter->run()
#7 D:\Kuliah\Kerja Praktik\program\ekasir\system\Commands\Server\rewrite.php(43): require_once('D:\\Kuliah\\Kerja...')
#8 {main}
CRITICAL - 2022-07-23 05:33:37 --> Invalid file: detailpenjualan/editpenjualan.php
#0 D:\Kuliah\Kerja Praktik\program\ekasir\system\View\View.php(198): CodeIgniter\Exceptions\FrameworkException::forInvalidFile('detailpenjualan...')
#1 D:\Kuliah\Kerja Praktik\program\ekasir\system\Common.php(1089): CodeIgniter\View\View->render('detailpenjualan...', Array, true)
#2 D:\Kuliah\Kerja Praktik\program\ekasir\app\Controllers\DetailPenjualan.php(85): view('detailpenjualan...', Array)
#3 D:\Kuliah\Kerja Praktik\program\ekasir\system\CodeIgniter.php(832): App\Controllers\DetailPenjualan->edit('5')
#4 D:\Kuliah\Kerja Praktik\program\ekasir\system\CodeIgniter.php(419): CodeIgniter\CodeIgniter->runController(Object(App\Controllers\DetailPenjualan))
#5 D:\Kuliah\Kerja Praktik\program\ekasir\system\CodeIgniter.php(326): CodeIgniter\CodeIgniter->handleRequest(NULL, Object(Config\Cache), false)
#6 D:\Kuliah\Kerja Praktik\program\ekasir\public\index.php(37): CodeIgniter\CodeIgniter->run()
#7 D:\Kuliah\Kerja Praktik\program\ekasir\system\Commands\Server\rewrite.php(43): require_once('D:\\Kuliah\\Kerja...')
#8 {main}
CRITICAL - 2022-07-23 07:16:23 --> Invalid file: detailpenjualan/editpenjualan.php
#0 D:\Kuliah\Kerja Praktik\program\ekasir\system\View\View.php(198): CodeIgniter\Exceptions\FrameworkException::forInvalidFile('detailpenjualan...')
#1 D:\Kuliah\Kerja Praktik\program\ekasir\system\Common.php(1089): CodeIgniter\View\View->render('detailpenjualan...', Array, true)
#2 D:\Kuliah\Kerja Praktik\program\ekasir\app\Controllers\DetailPenjualan.php(85): view('detailpenjualan...', Array)
#3 D:\Kuliah\Kerja Praktik\program\ekasir\system\CodeIgniter.php(832): App\Controllers\DetailPenjualan->edit('5')
#4 D:\Kuliah\Kerja Praktik\program\ekasir\system\CodeIgniter.php(419): CodeIgniter\CodeIgniter->runController(Object(App\Controllers\DetailPenjualan))
#5 D:\Kuliah\Kerja Praktik\program\ekasir\system\CodeIgniter.php(326): CodeIgniter\CodeIgniter->handleRequest(NULL, Object(Config\Cache), false)
#6 D:\Kuliah\Kerja Praktik\program\ekasir\public\index.php(37): CodeIgniter\CodeIgniter->run()
#7 D:\Kuliah\Kerja Praktik\program\ekasir\system\Commands\Server\rewrite.php(43): require_once('D:\\Kuliah\\Kerja...')
#8 {main}
CRITICAL - 2022-07-23 07:16:25 --> Invalid file: detailpenjualan/editpenjualan.php
#0 D:\Kuliah\Kerja Praktik\program\ekasir\system\View\View.php(198): CodeIgniter\Exceptions\FrameworkException::forInvalidFile('detailpenjualan...')
#1 D:\Kuliah\Kerja Praktik\program\ekasir\system\Common.php(1089): CodeIgniter\View\View->render('detailpenjualan...', Array, true)
#2 D:\Kuliah\Kerja Praktik\program\ekasir\app\Controllers\DetailPenjualan.php(85): view('detailpenjualan...', Array)
#3 D:\Kuliah\Kerja Praktik\program\ekasir\system\CodeIgniter.php(832): App\Controllers\DetailPenjualan->edit('5')
#4 D:\Kuliah\Kerja Praktik\program\ekasir\system\CodeIgniter.php(419): CodeIgniter\CodeIgniter->runController(Object(App\Controllers\DetailPenjualan))
#5 D:\Kuliah\Kerja Praktik\program\ekasir\system\CodeIgniter.php(326): CodeIgniter\CodeIgniter->handleRequest(NULL, Object(Config\Cache), false)
#6 D:\Kuliah\Kerja Praktik\program\ekasir\public\index.php(37): CodeIgniter\CodeIgniter->run()
#7 D:\Kuliah\Kerja Praktik\program\ekasir\system\Commands\Server\rewrite.php(43): require_once('D:\\Kuliah\\Kerja...')
#8 {main}
CRITICAL - 2022-07-23 07:26:46 --> Invalid file: detailpenjualan/editpenjualan.php
#0 D:\Kuliah\Kerja Praktik\program\ekasir\system\View\View.php(198): CodeIgniter\Exceptions\FrameworkException::forInvalidFile('detailpenjualan...')
#1 D:\Kuliah\Kerja Praktik\program\ekasir\system\Common.php(1089): CodeIgniter\View\View->render('detailpenjualan...', Array, true)
#2 D:\Kuliah\Kerja Praktik\program\ekasir\app\Controllers\DetailPenjualan.php(85): view('detailpenjualan...', Array)
#3 D:\Kuliah\Kerja Praktik\program\ekasir\system\CodeIgniter.php(832): App\Controllers\DetailPenjualan->edit('2')
#4 D:\Kuliah\Kerja Praktik\program\ekasir\system\CodeIgniter.php(419): CodeIgniter\CodeIgniter->runController(Object(App\Controllers\DetailPenjualan))
#5 D:\Kuliah\Kerja Praktik\program\ekasir\system\CodeIgniter.php(326): CodeIgniter\CodeIgniter->handleRequest(NULL, Object(Config\Cache), false)
#6 D:\Kuliah\Kerja Praktik\program\ekasir\public\index.php(37): CodeIgniter\CodeIgniter->run()
#7 D:\Kuliah\Kerja Praktik\program\ekasir\system\Commands\Server\rewrite.php(43): require_once('D:\\Kuliah\\Kerja...')
#8 {main}
CRITICAL - 2022-07-23 07:28:41 --> Undefined variable $produk
#0 D:\Kuliah\Kerja Praktik\program\ekasir\app\Views\transaksi\editpenjualan.php(32): CodeIgniter\Debug\Exceptions->errorHandler(2, 'Undefined varia...', 'D:\\Kuliah\\Kerja...', 32)
#1 D:\Kuliah\Kerja Praktik\program\ekasir\system\View\View.php(210): include('D:\\Kuliah\\Kerja...')
#2 D:\Kuliah\Kerja Praktik\program\ekasir\system\View\View.php(213): CodeIgniter\View\View->CodeIgniter\View\{closure}()
#3 D:\Kuliah\Kerja Praktik\program\ekasir\system\Common.php(1089): CodeIgniter\View\View->render('transaksi/editp...', Array, true)
#4 D:\Kuliah\Kerja Praktik\program\ekasir\app\Controllers\DetailPenjualan.php(85): view('transaksi/editp...', Array)
#5 D:\Kuliah\Kerja Praktik\program\ekasir\system\CodeIgniter.php(832): App\Controllers\DetailPenjualan->edit('2')
#6 D:\Kuliah\Kerja Praktik\program\ekasir\system\CodeIgniter.php(419): CodeIgniter\CodeIgniter->runController(Object(App\Controllers\DetailPenjualan))
#7 D:\Kuliah\Kerja Praktik\program\ekasir\system\CodeIgniter.php(326): CodeIgniter\CodeIgniter->handleRequest(NULL, Object(Config\Cache), false)
#8 D:\Kuliah\Kerja Praktik\program\ekasir\public\index.php(37): CodeIgniter\CodeIgniter->run()
#9 D:\Kuliah\Kerja Praktik\program\ekasir\system\Commands\Server\rewrite.php(43): require_once('D:\\Kuliah\\Kerja...')
#10 {main}
CRITICAL - 2022-07-23 07:29:27 --> Undefined variable $produk
#0 D:\Kuliah\Kerja Praktik\program\ekasir\app\Views\transaksi\editpenjualan.php(32): CodeIgniter\Debug\Exceptions->errorHandler(2, 'Undefined varia...', 'D:\\Kuliah\\Kerja...', 32)
#1 D:\Kuliah\Kerja Praktik\program\ekasir\system\View\View.php(210): include('D:\\Kuliah\\Kerja...')
#2 D:\Kuliah\Kerja Praktik\program\ekasir\system\View\View.php(213): CodeIgniter\View\View->CodeIgniter\View\{closure}()
#3 D:\Kuliah\Kerja Praktik\program\ekasir\system\Common.php(1089): CodeIgniter\View\View->render('transaksi/editp...', Array, true)
#4 D:\Kuliah\Kerja Praktik\program\ekasir\app\Controllers\DetailPenjualan.php(86): view('transaksi/editp...', Array)
#5 D:\Kuliah\Kerja Praktik\program\ekasir\system\CodeIgniter.php(832): App\Controllers\DetailPenjualan->edit('2')
#6 D:\Kuliah\Kerja Praktik\program\ekasir\system\CodeIgniter.php(419): CodeIgniter\CodeIgniter->runController(Object(App\Controllers\DetailPenjualan))
#7 D:\Kuliah\Kerja Praktik\program\ekasir\system\CodeIgniter.php(326): CodeIgniter\CodeIgniter->handleRequest(NULL, Object(Config\Cache), false)
#8 D:\Kuliah\Kerja Praktik\program\ekasir\public\index.php(37): CodeIgniter\CodeIgniter->run()
#9 D:\Kuliah\Kerja Praktik\program\ekasir\system\Commands\Server\rewrite.php(43): require_once('D:\\Kuliah\\Kerja...')
#10 {main}
CRITICAL - 2022-07-23 07:30:12 --> Undefined variable $produk
#0 D:\Kuliah\Kerja Praktik\program\ekasir\app\Views\transaksi\editpenjualan.php(32): CodeIgniter\Debug\Exceptions->errorHandler(2, 'Undefined varia...', 'D:\\Kuliah\\Kerja...', 32)
#1 D:\Kuliah\Kerja Praktik\program\ekasir\system\View\View.php(210): include('D:\\Kuliah\\Kerja...')
#2 D:\Kuliah\Kerja Praktik\program\ekasir\system\View\View.php(213): CodeIgniter\View\View->CodeIgniter\View\{closure}()
#3 D:\Kuliah\Kerja Praktik\program\ekasir\system\Common.php(1089): CodeIgniter\View\View->render('transaksi/editp...', Array, true)
#4 D:\Kuliah\Kerja Praktik\program\ekasir\app\Controllers\DetailPenjualan.php(86): view('transaksi/editp...', Array)
#5 D:\Kuliah\Kerja Praktik\program\ekasir\system\CodeIgniter.php(832): App\Controllers\DetailPenjualan->edit('2')
#6 D:\Kuliah\Kerja Praktik\program\ekasir\system\CodeIgniter.php(419): CodeIgniter\CodeIgniter->runController(Object(App\Controllers\DetailPenjualan))
#7 D:\Kuliah\Kerja Praktik\program\ekasir\system\CodeIgniter.php(326): CodeIgniter\CodeIgniter->handleRequest(NULL, Object(Config\Cache), false)
#8 D:\Kuliah\Kerja Praktik\program\ekasir\public\index.php(37): CodeIgniter\CodeIgniter->run()
#9 D:\Kuliah\Kerja Praktik\program\ekasir\system\Commands\Server\rewrite.php(43): require_once('D:\\Kuliah\\Kerja...')
#10 {main}
CRITICAL - 2022-07-23 07:32:10 --> Class "App\Models\PenjualanModel" not found
#0 D:\Kuliah\Kerja Praktik\program\ekasir\system\CodeIgniter.php(809): App\Controllers\Penjualan->__construct()
#1 D:\Kuliah\Kerja Praktik\program\ekasir\system\CodeIgniter.php(410): CodeIgniter\CodeIgniter->createController()
#2 D:\Kuliah\Kerja Praktik\program\ekasir\system\CodeIgniter.php(326): CodeIgniter\CodeIgniter->handleRequest(NULL, Object(Config\Cache), false)
#3 D:\Kuliah\Kerja Praktik\program\ekasir\public\index.php(37): CodeIgniter\CodeIgniter->run()
#4 D:\Kuliah\Kerja Praktik\program\ekasir\system\Commands\Server\rewrite.php(43): require_once('D:\\Kuliah\\Kerja...')
#5 {main}
CRITICAL - 2022-07-23 07:34:46 --> Class "App\Models\PenjualanModel" not found
#0 D:\Kuliah\Kerja Praktik\program\ekasir\system\CodeIgniter.php(809): App\Controllers\Penjualan->__construct()
#1 D:\Kuliah\Kerja Praktik\program\ekasir\system\CodeIgniter.php(410): CodeIgniter\CodeIgniter->createController()
#2 D:\Kuliah\Kerja Praktik\program\ekasir\system\CodeIgniter.php(326): CodeIgniter\CodeIgniter->handleRequest(NULL, Object(Config\Cache), false)
#3 D:\Kuliah\Kerja Praktik\program\ekasir\public\index.php(37): CodeIgniter\CodeIgniter->run()
#4 D:\Kuliah\Kerja Praktik\program\ekasir\system\Commands\Server\rewrite.php(43): require_once('D:\\Kuliah\\Kerja...')
#5 {main}
ERROR - 2022-07-23 07:35:50 --> Unknown column 'penjualan.detail_penjualan' in 'on clause'
CRITICAL - 2022-07-23 07:35:50 --> Unknown column 'penjualan.detail_penjualan' in 'on clause'
#0 D:\Kuliah\Kerja Praktik\program\ekasir\system\Database\MySQLi\Connection.php(292): mysqli->query('SELECT `penjual...', 0)
#1 D:\Kuliah\Kerja Praktik\program\ekasir\system\Database\BaseConnection.php(670): CodeIgniter\Database\MySQLi\Connection->execute('SELECT `penjual...')
#2 D:\Kuliah\Kerja Praktik\program\ekasir\system\Database\BaseConnection.php(598): CodeIgniter\Database\BaseConnection->simpleQuery('SELECT `penjual...')
#3 D:\Kuliah\Kerja Praktik\program\ekasir\system\Database\BaseBuilder.php(1455): CodeIgniter\Database\BaseConnection->query('SELECT `penjual...', Array, false)
#4 D:\Kuliah\Kerja Praktik\program\ekasir\system\Model.php(183): CodeIgniter\Database\BaseBuilder->get()
#5 D:\Kuliah\Kerja Praktik\program\ekasir\system\BaseModel.php(584): CodeIgniter\Model->doFindAll(0, 0)
#6 D:\Kuliah\Kerja Praktik\program\ekasir\app\Controllers\Penjualan.php(25): CodeIgniter\BaseModel->findAll()
#7 D:\Kuliah\Kerja Praktik\program\ekasir\system\CodeIgniter.php(832): App\Controllers\Penjualan->index()
#8 D:\Kuliah\Kerja Praktik\program\ekasir\system\CodeIgniter.php(419): CodeIgniter\CodeIgniter->runController(Object(App\Controllers\Penjualan))
#9 D:\Kuliah\Kerja Praktik\program\ekasir\system\CodeIgniter.php(326): CodeIgniter\CodeIgniter->handleRequest(NULL, Object(Config\Cache), false)
#10 D:\Kuliah\Kerja Praktik\program\ekasir\public\index.php(37): CodeIgniter\CodeIgniter->run()
#11 D:\Kuliah\Kerja Praktik\program\ekasir\system\Commands\Server\rewrite.php(43): require_once('D:\\Kuliah\\Kerja...')
#12 {main}
CRITICAL - 2022-07-23 07:55:04 --> Undefined variable $supplier
#0 D:\Kuliah\Kerja Praktik\program\ekasir\app\Views\transaksi\bayar.php(22): CodeIgniter\Debug\Exceptions->errorHandler(2, 'Undefined varia...', 'D:\\Kuliah\\Kerja...', 22)
#1 D:\Kuliah\Kerja Praktik\program\ekasir\system\View\View.php(210): include('D:\\Kuliah\\Kerja...')
#2 D:\Kuliah\Kerja Praktik\program\ekasir\system\View\View.php(213): CodeIgniter\View\View->CodeIgniter\View\{closure}()
#3 D:\Kuliah\Kerja Praktik\program\ekasir\system\Common.php(1089): CodeIgniter\View\View->render('transaksi/bayar', Array, true)
#4 D:\Kuliah\Kerja Praktik\program\ekasir\app\Controllers\Penjualan.php(31): view('transaksi/bayar')
#5 D:\Kuliah\Kerja Praktik\program\ekasir\system\CodeIgniter.php(832): App\Controllers\Penjualan->index()
#6 D:\Kuliah\Kerja Praktik\program\ekasir\system\CodeIgniter.php(419): CodeIgniter\CodeIgniter->runController(Object(App\Controllers\Penjualan))
#7 D:\Kuliah\Kerja Praktik\program\ekasir\system\CodeIgniter.php(326): CodeIgniter\CodeIgniter->handleRequest(NULL, Object(Config\Cache), false)
#8 D:\Kuliah\Kerja Praktik\program\ekasir\public\index.php(37): CodeIgniter\CodeIgniter->run()
#9 D:\Kuliah\Kerja Praktik\program\ekasir\system\Commands\Server\rewrite.php(43): require_once('D:\\Kuliah\\Kerja...')
#10 {main}
CRITICAL - 2022-07-23 14:01:44 --> Undefined variable $produk
#0 D:\Kuliah\Kerja Praktik\program\ekasir\app\Views\transaksi\editpenjualan.php(32): CodeIgniter\Debug\Exceptions->errorHandler(2, 'Undefined varia...', 'D:\\Kuliah\\Kerja...', 32)
#1 D:\Kuliah\Kerja Praktik\program\ekasir\system\View\View.php(210): include('D:\\Kuliah\\Kerja...')
#2 D:\Kuliah\Kerja Praktik\program\ekasir\system\View\View.php(213): CodeIgniter\View\View->CodeIgniter\View\{closure}()
#3 D:\Kuliah\Kerja Praktik\program\ekasir\system\Common.php(1089): CodeIgniter\View\View->render('transaksi/editp...', Array, true)
#4 D:\Kuliah\Kerja Praktik\program\ekasir\app\Controllers\DetailPenjualan.php(92): view('transaksi/editp...', Array)
#5 D:\Kuliah\Kerja Praktik\program\ekasir\system\CodeIgniter.php(832): App\Controllers\DetailPenjualan->edit('7')
#6 D:\Kuliah\Kerja Praktik\program\ekasir\system\CodeIgniter.php(419): CodeIgniter\CodeIgniter->runController(Object(App\Controllers\DetailPenjualan))
#7 D:\Kuliah\Kerja Praktik\program\ekasir\system\CodeIgniter.php(326): CodeIgniter\CodeIgniter->handleRequest(NULL, Object(Config\Cache), false)
#8 D:\Kuliah\Kerja Praktik\program\ekasir\public\index.php(37): CodeIgniter\CodeIgniter->run()
#9 D:\Kuliah\Kerja Praktik\program\ekasir\system\Commands\Server\rewrite.php(43): require_once('D:\\Kuliah\\Kerja...')
#10 {main}
