CRITICAL - 2022-07-18 10:18:15 --> Too few arguments to function App\Controllers\Produk::edit(), 0 passed in D:\Kuliah\Kerja Praktik\program\ekasir\system\CodeIgniter.php on line 832 and exactly 1 expected
#0 D:\Kuliah\Kerja Praktik\program\ekasir\system\CodeIgniter.php(832): App\Controllers\Produk->edit()
#1 D:\Kuliah\Kerja Praktik\program\ekasir\system\CodeIgniter.php(419): CodeIgniter\CodeIgniter->runController(Object(App\Controllers\Produk))
#2 D:\Kuliah\Kerja Praktik\program\ekasir\system\CodeIgniter.php(326): CodeIgniter\CodeIgniter->handleRequest(NULL, Object(Config\Cache), false)
#3 D:\Kuliah\Kerja Praktik\program\ekasir\public\index.php(37): CodeIgniter\CodeIgniter->run()
#4 D:\Kuliah\Kerja Praktik\program\ekasir\system\Commands\Server\rewrite.php(43): require_once('D:\\Kuliah\\Kerja...')
#5 {main}
CRITICAL - 2022-07-18 10:20:05 --> Too few arguments to function App\Controllers\Produk::edit(), 0 passed in D:\Kuliah\Kerja Praktik\program\ekasir\system\CodeIgniter.php on line 832 and exactly 1 expected
#0 D:\Kuliah\Kerja Praktik\program\ekasir\system\CodeIgniter.php(832): App\Controllers\Produk->edit()
#1 D:\Kuliah\Kerja Praktik\program\ekasir\system\CodeIgniter.php(419): CodeIgniter\CodeIgniter->runController(Object(App\Controllers\Produk))
#2 D:\Kuliah\Kerja Praktik\program\ekasir\system\CodeIgniter.php(326): CodeIgniter\CodeIgniter->handleRequest(NULL, Object(Config\Cache), false)
#3 D:\Kuliah\Kerja Praktik\program\ekasir\public\index.php(37): CodeIgniter\CodeIgniter->run()
#4 D:\Kuliah\Kerja Praktik\program\ekasir\system\Commands\Server\rewrite.php(43): require_once('D:\\Kuliah\\Kerja...')
#5 {main}
CRITICAL - 2022-07-18 10:22:17 --> Too few arguments to function App\Controllers\Produk::edit(), 0 passed in D:\Kuliah\Kerja Praktik\program\ekasir\system\CodeIgniter.php on line 832 and exactly 1 expected
#0 D:\Kuliah\Kerja Praktik\program\ekasir\system\CodeIgniter.php(832): App\Controllers\Produk->edit()
#1 D:\Kuliah\Kerja Praktik\program\ekasir\system\CodeIgniter.php(419): CodeIgniter\CodeIgniter->runController(Object(App\Controllers\Produk))
#2 D:\Kuliah\Kerja Praktik\program\ekasir\system\CodeIgniter.php(326): CodeIgniter\CodeIgniter->handleRequest(NULL, Object(Config\Cache), false)
#3 D:\Kuliah\Kerja Praktik\program\ekasir\public\index.php(37): CodeIgniter\CodeIgniter->run()
#4 D:\Kuliah\Kerja Praktik\program\ekasir\system\Commands\Server\rewrite.php(43): require_once('D:\\Kuliah\\Kerja...')
#5 {main}
CRITICAL - 2022-07-18 10:27:01 --> Call to undefined method App\Models\ProdukModel::getProduk
#0 D:\Kuliah\Kerja Praktik\program\ekasir\app\Controllers\Produk.php(74): CodeIgniter\Model->__call('getProduk', Array)
#1 D:\Kuliah\Kerja Praktik\program\ekasir\system\CodeIgniter.php(832): App\Controllers\Produk->edit('KJAHDUHUWIY')
#2 D:\Kuliah\Kerja Praktik\program\ekasir\system\CodeIgniter.php(419): CodeIgniter\CodeIgniter->runController(Object(App\Controllers\Produk))
#3 D:\Kuliah\Kerja Praktik\program\ekasir\system\CodeIgniter.php(326): CodeIgniter\CodeIgniter->handleRequest(NULL, Object(Config\Cache), false)
#4 D:\Kuliah\Kerja Praktik\program\ekasir\public\index.php(37): CodeIgniter\CodeIgniter->run()
#5 D:\Kuliah\Kerja Praktik\program\ekasir\system\Commands\Server\rewrite.php(43): require_once('D:\\Kuliah\\Kerja...')
#6 {main}
CRITICAL - 2022-07-18 10:28:39 --> There is no data to update.
#0 D:\Kuliah\Kerja Praktik\program\ekasir\system\BaseModel.php(1574): CodeIgniter\Database\Exceptions\DataException::forEmptyDataset('update')
#1 D:\Kuliah\Kerja Praktik\program\ekasir\system\BaseModel.php(832): CodeIgniter\BaseModel->transformDataToArray(NULL, 'update')
#2 D:\Kuliah\Kerja Praktik\program\ekasir\system\Model.php(651): CodeIgniter\BaseModel->update(Array, NULL)
#3 D:\Kuliah\Kerja Praktik\program\ekasir\app\Controllers\Produk.php(74): CodeIgniter\Model->update('KJAHDUHUWIY')
#4 D:\Kuliah\Kerja Praktik\program\ekasir\system\CodeIgniter.php(832): App\Controllers\Produk->edit('KJAHDUHUWIY')
#5 D:\Kuliah\Kerja Praktik\program\ekasir\system\CodeIgniter.php(419): CodeIgniter\CodeIgniter->runController(Object(App\Controllers\Produk))
#6 D:\Kuliah\Kerja Praktik\program\ekasir\system\CodeIgniter.php(326): CodeIgniter\CodeIgniter->handleRequest(NULL, Object(Config\Cache), false)
#7 D:\Kuliah\Kerja Praktik\program\ekasir\public\index.php(37): CodeIgniter\CodeIgniter->run()
#8 D:\Kuliah\Kerja Praktik\program\ekasir\system\Commands\Server\rewrite.php(43): require_once('D:\\Kuliah\\Kerja...')
#9 {main}
CRITICAL - 2022-07-18 10:29:39 --> Call to undefined function App\Controllers\update()
#0 D:\Kuliah\Kerja Praktik\program\ekasir\system\CodeIgniter.php(832): App\Controllers\Produk->edit('KJAHDUHUWIY')
#1 D:\Kuliah\Kerja Praktik\program\ekasir\system\CodeIgniter.php(419): CodeIgniter\CodeIgniter->runController(Object(App\Controllers\Produk))
#2 D:\Kuliah\Kerja Praktik\program\ekasir\system\CodeIgniter.php(326): CodeIgniter\CodeIgniter->handleRequest(NULL, Object(Config\Cache), false)
#3 D:\Kuliah\Kerja Praktik\program\ekasir\public\index.php(37): CodeIgniter\CodeIgniter->run()
#4 D:\Kuliah\Kerja Praktik\program\ekasir\system\Commands\Server\rewrite.php(43): require_once('D:\\Kuliah\\Kerja...')
#5 {main}
CRITICAL - 2022-07-18 10:29:58 --> There is no data to update.
#0 D:\Kuliah\Kerja Praktik\program\ekasir\system\BaseModel.php(1574): CodeIgniter\Database\Exceptions\DataException::forEmptyDataset('update')
#1 D:\Kuliah\Kerja Praktik\program\ekasir\system\BaseModel.php(832): CodeIgniter\BaseModel->transformDataToArray(NULL, 'update')
#2 D:\Kuliah\Kerja Praktik\program\ekasir\system\Model.php(651): CodeIgniter\BaseModel->update(Array, NULL)
#3 D:\Kuliah\Kerja Praktik\program\ekasir\app\Controllers\Produk.php(73): CodeIgniter\Model->update('KJAHDUHUWIY')
#4 D:\Kuliah\Kerja Praktik\program\ekasir\system\CodeIgniter.php(832): App\Controllers\Produk->edit('KJAHDUHUWIY')
#5 D:\Kuliah\Kerja Praktik\program\ekasir\system\CodeIgniter.php(419): CodeIgniter\CodeIgniter->runController(Object(App\Controllers\Produk))
#6 D:\Kuliah\Kerja Praktik\program\ekasir\system\CodeIgniter.php(326): CodeIgniter\CodeIgniter->handleRequest(NULL, Object(Config\Cache), false)
#7 D:\Kuliah\Kerja Praktik\program\ekasir\public\index.php(37): CodeIgniter\CodeIgniter->run()
#8 D:\Kuliah\Kerja Praktik\program\ekasir\system\Commands\Server\rewrite.php(43): require_once('D:\\Kuliah\\Kerja...')
#9 {main}
CRITICAL - 2022-07-18 10:46:58 --> There is no data to update.
#0 D:\Kuliah\Kerja Praktik\program\ekasir\system\BaseModel.php(1574): CodeIgniter\Database\Exceptions\DataException::forEmptyDataset('update')
#1 D:\Kuliah\Kerja Praktik\program\ekasir\system\BaseModel.php(832): CodeIgniter\BaseModel->transformDataToArray(NULL, 'update')
#2 D:\Kuliah\Kerja Praktik\program\ekasir\system\Model.php(651): CodeIgniter\BaseModel->update(Array, NULL)
#3 D:\Kuliah\Kerja Praktik\program\ekasir\app\Controllers\Produk.php(85): CodeIgniter\Model->update(Array)
#4 D:\Kuliah\Kerja Praktik\program\ekasir\system\CodeIgniter.php(832): App\Controllers\Produk->edit('KJAHDUHUWIY')
#5 D:\Kuliah\Kerja Praktik\program\ekasir\system\CodeIgniter.php(419): CodeIgniter\CodeIgniter->runController(Object(App\Controllers\Produk))
#6 D:\Kuliah\Kerja Praktik\program\ekasir\system\CodeIgniter.php(326): CodeIgniter\CodeIgniter->handleRequest(NULL, Object(Config\Cache), false)
#7 D:\Kuliah\Kerja Praktik\program\ekasir\public\index.php(37): CodeIgniter\CodeIgniter->run()
#8 D:\Kuliah\Kerja Praktik\program\ekasir\system\Commands\Server\rewrite.php(43): require_once('D:\\Kuliah\\Kerja...')
#9 {main}
CRITICAL - 2022-07-18 10:47:03 --> There is no data to update.
#0 D:\Kuliah\Kerja Praktik\program\ekasir\system\BaseModel.php(1574): CodeIgniter\Database\Exceptions\DataException::forEmptyDataset('update')
#1 D:\Kuliah\Kerja Praktik\program\ekasir\system\BaseModel.php(832): CodeIgniter\BaseModel->transformDataToArray(NULL, 'update')
#2 D:\Kuliah\Kerja Praktik\program\ekasir\system\Model.php(651): CodeIgniter\BaseModel->update(Array, NULL)
#3 D:\Kuliah\Kerja Praktik\program\ekasir\app\Controllers\Produk.php(85): CodeIgniter\Model->update(Array)
#4 D:\Kuliah\Kerja Praktik\program\ekasir\system\CodeIgniter.php(832): App\Controllers\Produk->edit('KJAHDUHUWIY')
#5 D:\Kuliah\Kerja Praktik\program\ekasir\system\CodeIgniter.php(419): CodeIgniter\CodeIgniter->runController(Object(App\Controllers\Produk))
#6 D:\Kuliah\Kerja Praktik\program\ekasir\system\CodeIgniter.php(326): CodeIgniter\CodeIgniter->handleRequest(NULL, Object(Config\Cache), false)
#7 D:\Kuliah\Kerja Praktik\program\ekasir\public\index.php(37): CodeIgniter\CodeIgniter->run()
#8 D:\Kuliah\Kerja Praktik\program\ekasir\system\Commands\Server\rewrite.php(43): require_once('D:\\Kuliah\\Kerja...')
#9 {main}
CRITICAL - 2022-07-18 10:58:52 --> CodeIgniter\Database\BaseBuilder::get(): Argument #1 ($limit) must be of type ?int, string given, called in D:\Kuliah\Kerja Praktik\program\ekasir\system\Model.php on line 728
#0 D:\Kuliah\Kerja Praktik\program\ekasir\system\Model.php(728): CodeIgniter\Database\BaseBuilder->get('KJAHDUHUWIY')
#1 D:\Kuliah\Kerja Praktik\program\ekasir\app\Controllers\Produk.php(74): CodeIgniter\Model->__call('get', Array)
#2 D:\Kuliah\Kerja Praktik\program\ekasir\system\CodeIgniter.php(832): App\Controllers\Produk->edit('KJAHDUHUWIY')
#3 D:\Kuliah\Kerja Praktik\program\ekasir\system\CodeIgniter.php(419): CodeIgniter\CodeIgniter->runController(Object(App\Controllers\Produk))
#4 D:\Kuliah\Kerja Praktik\program\ekasir\system\CodeIgniter.php(326): CodeIgniter\CodeIgniter->handleRequest(NULL, Object(Config\Cache), false)
#5 D:\Kuliah\Kerja Praktik\program\ekasir\public\index.php(37): CodeIgniter\CodeIgniter->run()
#6 D:\Kuliah\Kerja Praktik\program\ekasir\system\Commands\Server\rewrite.php(43): require_once('D:\\Kuliah\\Kerja...')
#7 {main}
CRITICAL - 2022-07-18 11:44:56 --> There is no data to update.
#0 D:\Kuliah\Kerja Praktik\program\ekasir\system\BaseModel.php(1574): CodeIgniter\Database\Exceptions\DataException::forEmptyDataset('update')
#1 D:\Kuliah\Kerja Praktik\program\ekasir\system\BaseModel.php(832): CodeIgniter\BaseModel->transformDataToArray(NULL, 'update')
#2 D:\Kuliah\Kerja Praktik\program\ekasir\system\Model.php(651): CodeIgniter\BaseModel->update(Array, NULL)
#3 D:\Kuliah\Kerja Praktik\program\ekasir\app\Controllers\Produk.php(85): CodeIgniter\Model->update(Array)
#4 D:\Kuliah\Kerja Praktik\program\ekasir\system\CodeIgniter.php(832): App\Controllers\Produk->edit('KJAHDUHUWIY')
#5 D:\Kuliah\Kerja Praktik\program\ekasir\system\CodeIgniter.php(419): CodeIgniter\CodeIgniter->runController(Object(App\Controllers\Produk))
#6 D:\Kuliah\Kerja Praktik\program\ekasir\system\CodeIgniter.php(326): CodeIgniter\CodeIgniter->handleRequest(NULL, Object(Config\Cache), false)
#7 D:\Kuliah\Kerja Praktik\program\ekasir\public\index.php(37): CodeIgniter\CodeIgniter->run()
#8 D:\Kuliah\Kerja Praktik\program\ekasir\system\Commands\Server\rewrite.php(43): require_once('D:\\Kuliah\\Kerja...')
#9 {main}
CRITICAL - 2022-07-18 11:46:17 --> There is no data to update.
#0 D:\Kuliah\Kerja Praktik\program\ekasir\system\BaseModel.php(1574): CodeIgniter\Database\Exceptions\DataException::forEmptyDataset('update')
#1 D:\Kuliah\Kerja Praktik\program\ekasir\system\BaseModel.php(832): CodeIgniter\BaseModel->transformDataToArray(NULL, 'update')
#2 D:\Kuliah\Kerja Praktik\program\ekasir\system\Model.php(651): CodeIgniter\BaseModel->update(Array, NULL)
#3 D:\Kuliah\Kerja Praktik\program\ekasir\app\Controllers\Produk.php(82): CodeIgniter\Model->update(Array)
#4 D:\Kuliah\Kerja Praktik\program\ekasir\system\CodeIgniter.php(832): App\Controllers\Produk->edit('KJAHDUHUWIY')
#5 D:\Kuliah\Kerja Praktik\program\ekasir\system\CodeIgniter.php(419): CodeIgniter\CodeIgniter->runController(Object(App\Controllers\Produk))
#6 D:\Kuliah\Kerja Praktik\program\ekasir\system\CodeIgniter.php(326): CodeIgniter\CodeIgniter->handleRequest(NULL, Object(Config\Cache), false)
#7 D:\Kuliah\Kerja Praktik\program\ekasir\public\index.php(37): CodeIgniter\CodeIgniter->run()
#8 D:\Kuliah\Kerja Praktik\program\ekasir\system\Commands\Server\rewrite.php(43): require_once('D:\\Kuliah\\Kerja...')
#9 {main}
CRITICAL - 2022-07-18 11:51:48 --> Too few arguments to function App\Controllers\Produk::update(), 0 passed in D:\Kuliah\Kerja Praktik\program\ekasir\system\CodeIgniter.php on line 832 and exactly 1 expected
#0 D:\Kuliah\Kerja Praktik\program\ekasir\system\CodeIgniter.php(832): App\Controllers\Produk->update()
#1 D:\Kuliah\Kerja Praktik\program\ekasir\system\CodeIgniter.php(419): CodeIgniter\CodeIgniter->runController(Object(App\Controllers\Produk))
#2 D:\Kuliah\Kerja Praktik\program\ekasir\system\CodeIgniter.php(326): CodeIgniter\CodeIgniter->handleRequest(NULL, Object(Config\Cache), false)
#3 D:\Kuliah\Kerja Praktik\program\ekasir\public\index.php(37): CodeIgniter\CodeIgniter->run()
#4 D:\Kuliah\Kerja Praktik\program\ekasir\system\Commands\Server\rewrite.php(43): require_once('D:\\Kuliah\\Kerja...')
#5 {main}
CRITICAL - 2022-07-18 11:52:10 --> Too few arguments to function App\Controllers\Produk::update(), 0 passed in D:\Kuliah\Kerja Praktik\program\ekasir\system\CodeIgniter.php on line 832 and exactly 1 expected
#0 D:\Kuliah\Kerja Praktik\program\ekasir\system\CodeIgniter.php(832): App\Controllers\Produk->update()
#1 D:\Kuliah\Kerja Praktik\program\ekasir\system\CodeIgniter.php(419): CodeIgniter\CodeIgniter->runController(Object(App\Controllers\Produk))
#2 D:\Kuliah\Kerja Praktik\program\ekasir\system\CodeIgniter.php(326): CodeIgniter\CodeIgniter->handleRequest(NULL, Object(Config\Cache), false)
#3 D:\Kuliah\Kerja Praktik\program\ekasir\public\index.php(37): CodeIgniter\CodeIgniter->run()
#4 D:\Kuliah\Kerja Praktik\program\ekasir\system\Commands\Server\rewrite.php(43): require_once('D:\\Kuliah\\Kerja...')
#5 {main}
CRITICAL - 2022-07-18 11:52:16 --> Too few arguments to function App\Controllers\Produk::delete(), 0 passed in D:\Kuliah\Kerja Praktik\program\ekasir\system\CodeIgniter.php on line 832 and exactly 1 expected
#0 D:\Kuliah\Kerja Praktik\program\ekasir\system\CodeIgniter.php(832): App\Controllers\Produk->delete()
#1 D:\Kuliah\Kerja Praktik\program\ekasir\system\CodeIgniter.php(419): CodeIgniter\CodeIgniter->runController(Object(App\Controllers\Produk))
#2 D:\Kuliah\Kerja Praktik\program\ekasir\system\CodeIgniter.php(326): CodeIgniter\CodeIgniter->handleRequest(NULL, Object(Config\Cache), false)
#3 D:\Kuliah\Kerja Praktik\program\ekasir\public\index.php(37): CodeIgniter\CodeIgniter->run()
#4 D:\Kuliah\Kerja Praktik\program\ekasir\system\Commands\Server\rewrite.php(43): require_once('D:\\Kuliah\\Kerja...')
#5 {main}
CRITICAL - 2022-07-18 11:54:29 --> Too few arguments to function App\Controllers\Produk::delete(), 0 passed in D:\Kuliah\Kerja Praktik\program\ekasir\system\CodeIgniter.php on line 832 and exactly 1 expected
#0 D:\Kuliah\Kerja Praktik\program\ekasir\system\CodeIgniter.php(832): App\Controllers\Produk->delete()
#1 D:\Kuliah\Kerja Praktik\program\ekasir\system\CodeIgniter.php(419): CodeIgniter\CodeIgniter->runController(Object(App\Controllers\Produk))
#2 D:\Kuliah\Kerja Praktik\program\ekasir\system\CodeIgniter.php(326): CodeIgniter\CodeIgniter->handleRequest(NULL, Object(Config\Cache), false)
#3 D:\Kuliah\Kerja Praktik\program\ekasir\public\index.php(37): CodeIgniter\CodeIgniter->run()
#4 D:\Kuliah\Kerja Praktik\program\ekasir\system\Commands\Server\rewrite.php(43): require_once('D:\\Kuliah\\Kerja...')
#5 {main}
CRITICAL - 2022-07-18 11:57:02 --> Too few arguments to function App\Controllers\Produk::update(), 0 passed in D:\Kuliah\Kerja Praktik\program\ekasir\system\CodeIgniter.php on line 832 and exactly 1 expected
#0 D:\Kuliah\Kerja Praktik\program\ekasir\system\CodeIgniter.php(832): App\Controllers\Produk->update()
#1 D:\Kuliah\Kerja Praktik\program\ekasir\system\CodeIgniter.php(419): CodeIgniter\CodeIgniter->runController(Object(App\Controllers\Produk))
#2 D:\Kuliah\Kerja Praktik\program\ekasir\system\CodeIgniter.php(326): CodeIgniter\CodeIgniter->handleRequest(NULL, Object(Config\Cache), false)
#3 D:\Kuliah\Kerja Praktik\program\ekasir\public\index.php(37): CodeIgniter\CodeIgniter->run()
#4 D:\Kuliah\Kerja Praktik\program\ekasir\system\Commands\Server\rewrite.php(43): require_once('D:\\Kuliah\\Kerja...')
#5 {main}
ERROR - 2022-07-18 11:57:39 --> Duplicate entry '' for key 'PRIMARY'
CRITICAL - 2022-07-18 11:57:39 --> Duplicate entry '' for key 'PRIMARY'
#0 D:\Kuliah\Kerja Praktik\program\ekasir\system\Database\MySQLi\Connection.php(292): mysqli->query('UPDATE `produk`...', 0)
#1 D:\Kuliah\Kerja Praktik\program\ekasir\system\Database\BaseConnection.php(670): CodeIgniter\Database\MySQLi\Connection->execute('UPDATE `produk`...')
#2 D:\Kuliah\Kerja Praktik\program\ekasir\system\Database\BaseConnection.php(598): CodeIgniter\Database\BaseConnection->simpleQuery('UPDATE `produk`...')
#3 D:\Kuliah\Kerja Praktik\program\ekasir\system\Database\BaseBuilder.php(1913): CodeIgniter\Database\BaseConnection->query('UPDATE `produk`...', Array, false)
#4 D:\Kuliah\Kerja Praktik\program\ekasir\system\Model.php(298): CodeIgniter\Database\BaseBuilder->update()
#5 D:\Kuliah\Kerja Praktik\program\ekasir\system\BaseModel.php(865): CodeIgniter\Model->doUpdate(Array, Array)
#6 D:\Kuliah\Kerja Praktik\program\ekasir\system\Model.php(651): CodeIgniter\BaseModel->update(Array, Array)
#7 D:\Kuliah\Kerja Praktik\program\ekasir\app\Controllers\Produk.php(172): CodeIgniter\Model->update('jkhaisi', Array)
#8 D:\Kuliah\Kerja Praktik\program\ekasir\system\CodeIgniter.php(832): App\Controllers\Produk->update('jkhaisi')
#9 D:\Kuliah\Kerja Praktik\program\ekasir\system\CodeIgniter.php(419): CodeIgniter\CodeIgniter->runController(Object(App\Controllers\Produk))
#10 D:\Kuliah\Kerja Praktik\program\ekasir\system\CodeIgniter.php(326): CodeIgniter\CodeIgniter->handleRequest(NULL, Object(Config\Cache), false)
#11 D:\Kuliah\Kerja Praktik\program\ekasir\public\index.php(37): CodeIgniter\CodeIgniter->run()
#12 D:\Kuliah\Kerja Praktik\program\ekasir\system\Commands\Server\rewrite.php(43): require_once('D:\\Kuliah\\Kerja...')
#13 {main}
ERROR - 2022-07-18 12:01:14 --> Duplicate entry '' for key 'PRIMARY'
CRITICAL - 2022-07-18 12:01:14 --> Duplicate entry '' for key 'PRIMARY'
#0 D:\Kuliah\Kerja Praktik\program\ekasir\system\Database\MySQLi\Connection.php(292): mysqli->query('UPDATE `produk`...', 0)
#1 D:\Kuliah\Kerja Praktik\program\ekasir\system\Database\BaseConnection.php(670): CodeIgniter\Database\MySQLi\Connection->execute('UPDATE `produk`...')
#2 D:\Kuliah\Kerja Praktik\program\ekasir\system\Database\BaseConnection.php(598): CodeIgniter\Database\BaseConnection->simpleQuery('UPDATE `produk`...')
#3 D:\Kuliah\Kerja Praktik\program\ekasir\system\Database\BaseBuilder.php(1913): CodeIgniter\Database\BaseConnection->query('UPDATE `produk`...', Array, false)
#4 D:\Kuliah\Kerja Praktik\program\ekasir\system\Model.php(298): CodeIgniter\Database\BaseBuilder->update()
#5 D:\Kuliah\Kerja Praktik\program\ekasir\system\BaseModel.php(865): CodeIgniter\Model->doUpdate(Array, Array)
#6 D:\Kuliah\Kerja Praktik\program\ekasir\system\Model.php(651): CodeIgniter\BaseModel->update(Array, Array)
#7 D:\Kuliah\Kerja Praktik\program\ekasir\app\Controllers\Produk.php(173): CodeIgniter\Model->update('SMPPNTN', Array)
#8 D:\Kuliah\Kerja Praktik\program\ekasir\system\CodeIgniter.php(832): App\Controllers\Produk->update('SMPPNTN')
#9 D:\Kuliah\Kerja Praktik\program\ekasir\system\CodeIgniter.php(419): CodeIgniter\CodeIgniter->runController(Object(App\Controllers\Produk))
#10 D:\Kuliah\Kerja Praktik\program\ekasir\system\CodeIgniter.php(326): CodeIgniter\CodeIgniter->handleRequest(NULL, Object(Config\Cache), false)
#11 D:\Kuliah\Kerja Praktik\program\ekasir\public\index.php(37): CodeIgniter\CodeIgniter->run()
#12 D:\Kuliah\Kerja Praktik\program\ekasir\system\Commands\Server\rewrite.php(43): require_once('D:\\Kuliah\\Kerja...')
#13 {main}
CRITICAL - 2022-07-18 12:02:17 --> Undefined variable $produk
#0 D:\Kuliah\Kerja Praktik\program\ekasir\app\Views\produk\edit_produk.php(25): CodeIgniter\Debug\Exceptions->errorHandler(2, 'Undefined varia...', 'D:\\Kuliah\\Kerja...', 25)
#1 D:\Kuliah\Kerja Praktik\program\ekasir\system\View\View.php(210): include('D:\\Kuliah\\Kerja...')
#2 D:\Kuliah\Kerja Praktik\program\ekasir\system\View\View.php(213): CodeIgniter\View\View->CodeIgniter\View\{closure}()
#3 D:\Kuliah\Kerja Praktik\program\ekasir\system\Common.php(1089): CodeIgniter\View\View->render('produk/edit_pro...', Array, true)
#4 D:\Kuliah\Kerja Praktik\program\ekasir\app\Controllers\Produk.php(85): view('produk/edit_pro...')
#5 D:\Kuliah\Kerja Praktik\program\ekasir\system\CodeIgniter.php(832): App\Controllers\Produk->edit('JHSSAUIF')
#6 D:\Kuliah\Kerja Praktik\program\ekasir\system\CodeIgniter.php(419): CodeIgniter\CodeIgniter->runController(Object(App\Controllers\Produk))
#7 D:\Kuliah\Kerja Praktik\program\ekasir\system\CodeIgniter.php(326): CodeIgniter\CodeIgniter->handleRequest(NULL, Object(Config\Cache), false)
#8 D:\Kuliah\Kerja Praktik\program\ekasir\public\index.php(37): CodeIgniter\CodeIgniter->run()
#9 D:\Kuliah\Kerja Praktik\program\ekasir\system\Commands\Server\rewrite.php(43): require_once('D:\\Kuliah\\Kerja...')
#10 {main}
CRITICAL - 2022-07-18 12:03:14 --> Undefined variable $produk
#0 D:\Kuliah\Kerja Praktik\program\ekasir\app\Views\produk\edit_produk.php(30): CodeIgniter\Debug\Exceptions->errorHandler(2, 'Undefined varia...', 'D:\\Kuliah\\Kerja...', 30)
#1 D:\Kuliah\Kerja Praktik\program\ekasir\system\View\View.php(210): include('D:\\Kuliah\\Kerja...')
#2 D:\Kuliah\Kerja Praktik\program\ekasir\system\View\View.php(213): CodeIgniter\View\View->CodeIgniter\View\{closure}()
#3 D:\Kuliah\Kerja Praktik\program\ekasir\system\Common.php(1089): CodeIgniter\View\View->render('produk/edit_pro...', Array, true)
#4 D:\Kuliah\Kerja Praktik\program\ekasir\app\Controllers\Produk.php(85): view('produk/edit_pro...')
#5 D:\Kuliah\Kerja Praktik\program\ekasir\system\CodeIgniter.php(832): App\Controllers\Produk->edit('JHSSAUIF')
#6 D:\Kuliah\Kerja Praktik\program\ekasir\system\CodeIgniter.php(419): CodeIgniter\CodeIgniter->runController(Object(App\Controllers\Produk))
#7 D:\Kuliah\Kerja Praktik\program\ekasir\system\CodeIgniter.php(326): CodeIgniter\CodeIgniter->handleRequest(NULL, Object(Config\Cache), false)
#8 D:\Kuliah\Kerja Praktik\program\ekasir\public\index.php(37): CodeIgniter\CodeIgniter->run()
#9 D:\Kuliah\Kerja Praktik\program\ekasir\system\Commands\Server\rewrite.php(43): require_once('D:\\Kuliah\\Kerja...')
#10 {main}
CRITICAL - 2022-07-18 12:04:55 --> Call to undefined method App\Controllers\Produk::produkModel()
#0 D:\Kuliah\Kerja Praktik\program\ekasir\system\CodeIgniter.php(832): App\Controllers\Produk->edit('JHSSAUIF')
#1 D:\Kuliah\Kerja Praktik\program\ekasir\system\CodeIgniter.php(419): CodeIgniter\CodeIgniter->runController(Object(App\Controllers\Produk))
#2 D:\Kuliah\Kerja Praktik\program\ekasir\system\CodeIgniter.php(326): CodeIgniter\CodeIgniter->handleRequest(NULL, Object(Config\Cache), false)
#3 D:\Kuliah\Kerja Praktik\program\ekasir\public\index.php(37): CodeIgniter\CodeIgniter->run()
#4 D:\Kuliah\Kerja Praktik\program\ekasir\system\Commands\Server\rewrite.php(43): require_once('D:\\Kuliah\\Kerja...')
#5 {main}
CRITICAL - 2022-07-18 12:05:34 --> Undefined variable $produk
#0 D:\Kuliah\Kerja Praktik\program\ekasir\app\Views\produk\edit_produk.php(25): CodeIgniter\Debug\Exceptions->errorHandler(2, 'Undefined varia...', 'D:\\Kuliah\\Kerja...', 25)
#1 D:\Kuliah\Kerja Praktik\program\ekasir\system\View\View.php(210): include('D:\\Kuliah\\Kerja...')
#2 D:\Kuliah\Kerja Praktik\program\ekasir\system\View\View.php(213): CodeIgniter\View\View->CodeIgniter\View\{closure}()
#3 D:\Kuliah\Kerja Praktik\program\ekasir\system\Common.php(1089): CodeIgniter\View\View->render('produk/edit_pro...', Array, true)
#4 D:\Kuliah\Kerja Praktik\program\ekasir\app\Controllers\Produk.php(87): view('produk/edit_pro...')
#5 D:\Kuliah\Kerja Praktik\program\ekasir\system\CodeIgniter.php(832): App\Controllers\Produk->edit('JHSSAUIF')
#6 D:\Kuliah\Kerja Praktik\program\ekasir\system\CodeIgniter.php(419): CodeIgniter\CodeIgniter->runController(Object(App\Controllers\Produk))
#7 D:\Kuliah\Kerja Praktik\program\ekasir\system\CodeIgniter.php(326): CodeIgniter\CodeIgniter->handleRequest(NULL, Object(Config\Cache), false)
#8 D:\Kuliah\Kerja Praktik\program\ekasir\public\index.php(37): CodeIgniter\CodeIgniter->run()
#9 D:\Kuliah\Kerja Praktik\program\ekasir\system\Commands\Server\rewrite.php(43): require_once('D:\\Kuliah\\Kerja...')
#10 {main}
CRITICAL - 2022-07-18 12:06:19 --> Undefined array key "kode_produk"
#0 D:\Kuliah\Kerja Praktik\program\ekasir\app\Views\produk\edit_produk.php(25): CodeIgniter\Debug\Exceptions->errorHandler(2, 'Undefined array...', 'D:\\Kuliah\\Kerja...', 25)
#1 D:\Kuliah\Kerja Praktik\program\ekasir\system\View\View.php(210): include('D:\\Kuliah\\Kerja...')
#2 D:\Kuliah\Kerja Praktik\program\ekasir\system\View\View.php(213): CodeIgniter\View\View->CodeIgniter\View\{closure}()
#3 D:\Kuliah\Kerja Praktik\program\ekasir\system\Common.php(1089): CodeIgniter\View\View->render('produk/edit_pro...', Array, true)
#4 D:\Kuliah\Kerja Praktik\program\ekasir\app\Controllers\Produk.php(91): view('produk/edit_pro...', Array)
#5 D:\Kuliah\Kerja Praktik\program\ekasir\system\CodeIgniter.php(832): App\Controllers\Produk->edit('JHSSAUIF')
#6 D:\Kuliah\Kerja Praktik\program\ekasir\system\CodeIgniter.php(419): CodeIgniter\CodeIgniter->runController(Object(App\Controllers\Produk))
#7 D:\Kuliah\Kerja Praktik\program\ekasir\system\CodeIgniter.php(326): CodeIgniter\CodeIgniter->handleRequest(NULL, Object(Config\Cache), false)
#8 D:\Kuliah\Kerja Praktik\program\ekasir\public\index.php(37): CodeIgniter\CodeIgniter->run()
#9 D:\Kuliah\Kerja Praktik\program\ekasir\system\Commands\Server\rewrite.php(43): require_once('D:\\Kuliah\\Kerja...')
#10 {main}
CRITICAL - 2022-07-18 12:07:15 --> Undefined array key "kode_produk"
#0 D:\Kuliah\Kerja Praktik\program\ekasir\app\Views\produk\edit_produk.php(25): CodeIgniter\Debug\Exceptions->errorHandler(2, 'Undefined array...', 'D:\\Kuliah\\Kerja...', 25)
#1 D:\Kuliah\Kerja Praktik\program\ekasir\system\View\View.php(210): include('D:\\Kuliah\\Kerja...')
#2 D:\Kuliah\Kerja Praktik\program\ekasir\system\View\View.php(213): CodeIgniter\View\View->CodeIgniter\View\{closure}()
#3 D:\Kuliah\Kerja Praktik\program\ekasir\system\Common.php(1089): CodeIgniter\View\View->render('produk/edit_pro...', Array, true)
#4 D:\Kuliah\Kerja Praktik\program\ekasir\app\Controllers\Produk.php(91): view('produk/edit_pro...', Array)
#5 D:\Kuliah\Kerja Praktik\program\ekasir\system\CodeIgniter.php(832): App\Controllers\Produk->edit('JHSSAUIF')
#6 D:\Kuliah\Kerja Praktik\program\ekasir\system\CodeIgniter.php(419): CodeIgniter\CodeIgniter->runController(Object(App\Controllers\Produk))
#7 D:\Kuliah\Kerja Praktik\program\ekasir\system\CodeIgniter.php(326): CodeIgniter\CodeIgniter->handleRequest(NULL, Object(Config\Cache), false)
#8 D:\Kuliah\Kerja Praktik\program\ekasir\public\index.php(37): CodeIgniter\CodeIgniter->run()
#9 D:\Kuliah\Kerja Praktik\program\ekasir\system\Commands\Server\rewrite.php(43): require_once('D:\\Kuliah\\Kerja...')
#10 {main}
CRITICAL - 2022-07-18 12:48:33 --> Undefined array key "kode_produk"
#0 D:\Kuliah\Kerja Praktik\program\ekasir\app\Views\produk\edit_produk.php(25): CodeIgniter\Debug\Exceptions->errorHandler(2, 'Undefined array...', 'D:\\Kuliah\\Kerja...', 25)
#1 D:\Kuliah\Kerja Praktik\program\ekasir\system\View\View.php(210): include('D:\\Kuliah\\Kerja...')
#2 D:\Kuliah\Kerja Praktik\program\ekasir\system\View\View.php(213): CodeIgniter\View\View->CodeIgniter\View\{closure}()
#3 D:\Kuliah\Kerja Praktik\program\ekasir\system\Common.php(1089): CodeIgniter\View\View->render('produk/edit_pro...', Array, true)
#4 D:\Kuliah\Kerja Praktik\program\ekasir\app\Controllers\Produk.php(79): view('produk/edit_pro...', Array)
#5 D:\Kuliah\Kerja Praktik\program\ekasir\system\CodeIgniter.php(832): App\Controllers\Produk->edit('JHSSAUIF')
#6 D:\Kuliah\Kerja Praktik\program\ekasir\system\CodeIgniter.php(419): CodeIgniter\CodeIgniter->runController(Object(App\Controllers\Produk))
#7 D:\Kuliah\Kerja Praktik\program\ekasir\system\CodeIgniter.php(326): CodeIgniter\CodeIgniter->handleRequest(NULL, Object(Config\Cache), false)
#8 D:\Kuliah\Kerja Praktik\program\ekasir\public\index.php(37): CodeIgniter\CodeIgniter->run()
#9 D:\Kuliah\Kerja Praktik\program\ekasir\system\Commands\Server\rewrite.php(43): require_once('D:\\Kuliah\\Kerja...')
#10 {main}
CRITICAL - 2022-07-18 12:48:42 --> Too few arguments to function App\Controllers\Produk::delete(), 0 passed in D:\Kuliah\Kerja Praktik\program\ekasir\system\CodeIgniter.php on line 832 and exactly 1 expected
#0 D:\Kuliah\Kerja Praktik\program\ekasir\system\CodeIgniter.php(832): App\Controllers\Produk->delete()
#1 D:\Kuliah\Kerja Praktik\program\ekasir\system\CodeIgniter.php(419): CodeIgniter\CodeIgniter->runController(Object(App\Controllers\Produk))
#2 D:\Kuliah\Kerja Praktik\program\ekasir\system\CodeIgniter.php(326): CodeIgniter\CodeIgniter->handleRequest(NULL, Object(Config\Cache), false)
#3 D:\Kuliah\Kerja Praktik\program\ekasir\public\index.php(37): CodeIgniter\CodeIgniter->run()
#4 D:\Kuliah\Kerja Praktik\program\ekasir\system\Commands\Server\rewrite.php(43): require_once('D:\\Kuliah\\Kerja...')
#5 {main}
CRITICAL - 2022-07-18 12:48:47 --> Undefined array key "kode_produk"
#0 D:\Kuliah\Kerja Praktik\program\ekasir\app\Views\produk\edit_produk.php(25): CodeIgniter\Debug\Exceptions->errorHandler(2, 'Undefined array...', 'D:\\Kuliah\\Kerja...', 25)
#1 D:\Kuliah\Kerja Praktik\program\ekasir\system\View\View.php(210): include('D:\\Kuliah\\Kerja...')
#2 D:\Kuliah\Kerja Praktik\program\ekasir\system\View\View.php(213): CodeIgniter\View\View->CodeIgniter\View\{closure}()
#3 D:\Kuliah\Kerja Praktik\program\ekasir\system\Common.php(1089): CodeIgniter\View\View->render('produk/edit_pro...', Array, true)
#4 D:\Kuliah\Kerja Praktik\program\ekasir\app\Controllers\Produk.php(79): view('produk/edit_pro...', Array)
#5 D:\Kuliah\Kerja Praktik\program\ekasir\system\CodeIgniter.php(832): App\Controllers\Produk->edit('JHSSAUIF')
#6 D:\Kuliah\Kerja Praktik\program\ekasir\system\CodeIgniter.php(419): CodeIgniter\CodeIgniter->runController(Object(App\Controllers\Produk))
#7 D:\Kuliah\Kerja Praktik\program\ekasir\system\CodeIgniter.php(326): CodeIgniter\CodeIgniter->handleRequest(NULL, Object(Config\Cache), false)
#8 D:\Kuliah\Kerja Praktik\program\ekasir\public\index.php(37): CodeIgniter\CodeIgniter->run()
#9 D:\Kuliah\Kerja Praktik\program\ekasir\system\Commands\Server\rewrite.php(43): require_once('D:\\Kuliah\\Kerja...')
#10 {main}
CRITICAL - 2022-07-18 12:50:39 --> Undefined array key "kode_produk"
#0 D:\Kuliah\Kerja Praktik\program\ekasir\app\Views\produk\edit_produk.php(25): CodeIgniter\Debug\Exceptions->errorHandler(2, 'Undefined array...', 'D:\\Kuliah\\Kerja...', 25)
#1 D:\Kuliah\Kerja Praktik\program\ekasir\system\View\View.php(210): include('D:\\Kuliah\\Kerja...')
#2 D:\Kuliah\Kerja Praktik\program\ekasir\system\View\View.php(213): CodeIgniter\View\View->CodeIgniter\View\{closure}()
#3 D:\Kuliah\Kerja Praktik\program\ekasir\system\Common.php(1089): CodeIgniter\View\View->render('produk/edit_pro...', Array, true)
#4 D:\Kuliah\Kerja Praktik\program\ekasir\app\Controllers\Produk.php(79): view('produk/edit_pro...', Array)
#5 D:\Kuliah\Kerja Praktik\program\ekasir\system\CodeIgniter.php(832): App\Controllers\Produk->edit('JHSSAUIF')
#6 D:\Kuliah\Kerja Praktik\program\ekasir\system\CodeIgniter.php(419): CodeIgniter\CodeIgniter->runController(Object(App\Controllers\Produk))
#7 D:\Kuliah\Kerja Praktik\program\ekasir\system\CodeIgniter.php(326): CodeIgniter\CodeIgniter->handleRequest(NULL, Object(Config\Cache), false)
#8 D:\Kuliah\Kerja Praktik\program\ekasir\public\index.php(37): CodeIgniter\CodeIgniter->run()
#9 D:\Kuliah\Kerja Praktik\program\ekasir\system\Commands\Server\rewrite.php(43): require_once('D:\\Kuliah\\Kerja...')
#10 {main}
CRITICAL - 2022-07-18 14:19:52 --> Undefined array key "kode_produk"
#0 D:\Kuliah\Kerja Praktik\program\ekasir\app\Views\produk\edit_produk.php(25): CodeIgniter\Debug\Exceptions->errorHandler(2, 'Undefined array...', 'D:\\Kuliah\\Kerja...', 25)
#1 D:\Kuliah\Kerja Praktik\program\ekasir\system\View\View.php(210): include('D:\\Kuliah\\Kerja...')
#2 D:\Kuliah\Kerja Praktik\program\ekasir\system\View\View.php(213): CodeIgniter\View\View->CodeIgniter\View\{closure}()
#3 D:\Kuliah\Kerja Praktik\program\ekasir\system\Common.php(1089): CodeIgniter\View\View->render('produk/edit_pro...', Array, true)
#4 D:\Kuliah\Kerja Praktik\program\ekasir\app\Controllers\Produk.php(79): view('produk/edit_pro...', Array)
#5 D:\Kuliah\Kerja Praktik\program\ekasir\system\CodeIgniter.php(832): App\Controllers\Produk->edit('JHSSAUIF')
#6 D:\Kuliah\Kerja Praktik\program\ekasir\system\CodeIgniter.php(419): CodeIgniter\CodeIgniter->runController(Object(App\Controllers\Produk))
#7 D:\Kuliah\Kerja Praktik\program\ekasir\system\CodeIgniter.php(326): CodeIgniter\CodeIgniter->handleRequest(NULL, Object(Config\Cache), false)
#8 D:\Kuliah\Kerja Praktik\program\ekasir\public\index.php(37): CodeIgniter\CodeIgniter->run()
#9 D:\Kuliah\Kerja Praktik\program\ekasir\system\Commands\Server\rewrite.php(43): require_once('D:\\Kuliah\\Kerja...')
#10 {main}
CRITICAL - 2022-07-18 14:35:32 --> Too few arguments to function App\Controllers\Produk::delete(), 0 passed in D:\Kuliah\Kerja Praktik\program\ekasir\system\CodeIgniter.php on line 832 and exactly 1 expected
#0 D:\Kuliah\Kerja Praktik\program\ekasir\system\CodeIgniter.php(832): App\Controllers\Produk->delete()
#1 D:\Kuliah\Kerja Praktik\program\ekasir\system\CodeIgniter.php(419): CodeIgniter\CodeIgniter->runController(Object(App\Controllers\Produk))
#2 D:\Kuliah\Kerja Praktik\program\ekasir\system\CodeIgniter.php(326): CodeIgniter\CodeIgniter->handleRequest(NULL, Object(Config\Cache), false)
#3 D:\Kuliah\Kerja Praktik\program\ekasir\public\index.php(37): CodeIgniter\CodeIgniter->run()
#4 D:\Kuliah\Kerja Praktik\program\ekasir\system\Commands\Server\rewrite.php(43): require_once('D:\\Kuliah\\Kerja...')
#5 {main}
ERROR - 2022-07-18 15:20:07 --> Duplicate entry 'JHSSAUIF' for key 'PRIMARY'
CRITICAL - 2022-07-18 15:20:07 --> Duplicate entry 'JHSSAUIF' for key 'PRIMARY'
#0 D:\Kuliah\Kerja Praktik\program\ekasir\system\Database\MySQLi\Connection.php(292): mysqli->query('INSERT INTO `pr...', 0)
#1 D:\Kuliah\Kerja Praktik\program\ekasir\system\Database\BaseConnection.php(670): CodeIgniter\Database\MySQLi\Connection->execute('INSERT INTO `pr...')
#2 D:\Kuliah\Kerja Praktik\program\ekasir\system\Database\BaseConnection.php(598): CodeIgniter\Database\BaseConnection->simpleQuery('INSERT INTO `pr...')
#3 D:\Kuliah\Kerja Praktik\program\ekasir\system\Database\BaseBuilder.php(1771): CodeIgniter\Database\BaseConnection->query('INSERT INTO `pr...', Array, false)
#4 D:\Kuliah\Kerja Praktik\program\ekasir\system\Model.php(239): CodeIgniter\Database\BaseBuilder->insert()
#5 D:\Kuliah\Kerja Praktik\program\ekasir\system\BaseModel.php(738): CodeIgniter\Model->doInsert(Array)
#6 D:\Kuliah\Kerja Praktik\program\ekasir\system\Model.php(625): CodeIgniter\BaseModel->insert(Array, true)
#7 D:\Kuliah\Kerja Praktik\program\ekasir\app\Controllers\Produk.php(163): CodeIgniter\Model->insert(Array)
#8 D:\Kuliah\Kerja Praktik\program\ekasir\system\CodeIgniter.php(832): App\Controllers\Produk->update('JHSSAUIF')
#9 D:\Kuliah\Kerja Praktik\program\ekasir\system\CodeIgniter.php(419): CodeIgniter\CodeIgniter->runController(Object(App\Controllers\Produk))
#10 D:\Kuliah\Kerja Praktik\program\ekasir\system\CodeIgniter.php(326): CodeIgniter\CodeIgniter->handleRequest(NULL, Object(Config\Cache), false)
#11 D:\Kuliah\Kerja Praktik\program\ekasir\public\index.php(37): CodeIgniter\CodeIgniter->run()
#12 D:\Kuliah\Kerja Praktik\program\ekasir\system\Commands\Server\rewrite.php(43): require_once('D:\\Kuliah\\Kerja...')
#13 {main}
ERROR - 2022-07-18 15:21:21 --> Duplicate entry 'JHSSAUIF' for key 'PRIMARY'
CRITICAL - 2022-07-18 15:21:21 --> Duplicate entry 'JHSSAUIF' for key 'PRIMARY'
#0 D:\Kuliah\Kerja Praktik\program\ekasir\system\Database\MySQLi\Connection.php(292): mysqli->query('INSERT INTO `pr...', 0)
#1 D:\Kuliah\Kerja Praktik\program\ekasir\system\Database\BaseConnection.php(670): CodeIgniter\Database\MySQLi\Connection->execute('INSERT INTO `pr...')
#2 D:\Kuliah\Kerja Praktik\program\ekasir\system\Database\BaseConnection.php(598): CodeIgniter\Database\BaseConnection->simpleQuery('INSERT INTO `pr...')
#3 D:\Kuliah\Kerja Praktik\program\ekasir\system\Database\BaseBuilder.php(1771): CodeIgniter\Database\BaseConnection->query('INSERT INTO `pr...', Array, false)
#4 D:\Kuliah\Kerja Praktik\program\ekasir\system\Model.php(239): CodeIgniter\Database\BaseBuilder->insert()
#5 D:\Kuliah\Kerja Praktik\program\ekasir\system\BaseModel.php(738): CodeIgniter\Model->doInsert(Array)
#6 D:\Kuliah\Kerja Praktik\program\ekasir\system\Model.php(625): CodeIgniter\BaseModel->insert(Array, true)
#7 D:\Kuliah\Kerja Praktik\program\ekasir\app\Controllers\Produk.php(163): CodeIgniter\Model->insert(Array)
#8 D:\Kuliah\Kerja Praktik\program\ekasir\system\CodeIgniter.php(832): App\Controllers\Produk->update('JHSSAUIF')
#9 D:\Kuliah\Kerja Praktik\program\ekasir\system\CodeIgniter.php(419): CodeIgniter\CodeIgniter->runController(Object(App\Controllers\Produk))
#10 D:\Kuliah\Kerja Praktik\program\ekasir\system\CodeIgniter.php(326): CodeIgniter\CodeIgniter->handleRequest(NULL, Object(Config\Cache), false)
#11 D:\Kuliah\Kerja Praktik\program\ekasir\public\index.php(37): CodeIgniter\CodeIgniter->run()
#12 D:\Kuliah\Kerja Praktik\program\ekasir\system\Commands\Server\rewrite.php(43): require_once('D:\\Kuliah\\Kerja...')
#13 {main}
CRITICAL - 2022-07-18 15:21:49 --> There is no data to update.
#0 D:\Kuliah\Kerja Praktik\program\ekasir\system\BaseModel.php(1574): CodeIgniter\Database\Exceptions\DataException::forEmptyDataset('update')
#1 D:\Kuliah\Kerja Praktik\program\ekasir\system\BaseModel.php(832): CodeIgniter\BaseModel->transformDataToArray(NULL, 'update')
#2 D:\Kuliah\Kerja Praktik\program\ekasir\system\Model.php(651): CodeIgniter\BaseModel->update(Array, NULL)
#3 D:\Kuliah\Kerja Praktik\program\ekasir\app\Controllers\Produk.php(163): CodeIgniter\Model->update(Array)
#4 D:\Kuliah\Kerja Praktik\program\ekasir\system\CodeIgniter.php(832): App\Controllers\Produk->update('JHSSAUIF')
#5 D:\Kuliah\Kerja Praktik\program\ekasir\system\CodeIgniter.php(419): CodeIgniter\CodeIgniter->runController(Object(App\Controllers\Produk))
#6 D:\Kuliah\Kerja Praktik\program\ekasir\system\CodeIgniter.php(326): CodeIgniter\CodeIgniter->handleRequest(NULL, Object(Config\Cache), false)
#7 D:\Kuliah\Kerja Praktik\program\ekasir\public\index.php(37): CodeIgniter\CodeIgniter->run()
#8 D:\Kuliah\Kerja Praktik\program\ekasir\system\Commands\Server\rewrite.php(43): require_once('D:\\Kuliah\\Kerja...')
#9 {main}
CRITICAL - 2022-07-18 15:22:31 --> There is no data to update.
#0 D:\Kuliah\Kerja Praktik\program\ekasir\system\BaseModel.php(1574): CodeIgniter\Database\Exceptions\DataException::forEmptyDataset('update')
#1 D:\Kuliah\Kerja Praktik\program\ekasir\system\BaseModel.php(832): CodeIgniter\BaseModel->transformDataToArray(NULL, 'update')
#2 D:\Kuliah\Kerja Praktik\program\ekasir\system\Model.php(651): CodeIgniter\BaseModel->update(Array, NULL)
#3 D:\Kuliah\Kerja Praktik\program\ekasir\app\Controllers\Produk.php(163): CodeIgniter\Model->update(Array)
#4 D:\Kuliah\Kerja Praktik\program\ekasir\system\CodeIgniter.php(832): App\Controllers\Produk->update('JHSSAUIF')
#5 D:\Kuliah\Kerja Praktik\program\ekasir\system\CodeIgniter.php(419): CodeIgniter\CodeIgniter->runController(Object(App\Controllers\Produk))
#6 D:\Kuliah\Kerja Praktik\program\ekasir\system\CodeIgniter.php(326): CodeIgniter\CodeIgniter->handleRequest(NULL, Object(Config\Cache), false)
#7 D:\Kuliah\Kerja Praktik\program\ekasir\public\index.php(37): CodeIgniter\CodeIgniter->run()
#8 D:\Kuliah\Kerja Praktik\program\ekasir\system\Commands\Server\rewrite.php(43): require_once('D:\\Kuliah\\Kerja...')
#9 {main}
CRITICAL - 2022-07-18 15:24:27 --> There is no data to update.
#0 D:\Kuliah\Kerja Praktik\program\ekasir\system\BaseModel.php(1574): CodeIgniter\Database\Exceptions\DataException::forEmptyDataset('update')
#1 D:\Kuliah\Kerja Praktik\program\ekasir\system\BaseModel.php(832): CodeIgniter\BaseModel->transformDataToArray(NULL, 'update')
#2 D:\Kuliah\Kerja Praktik\program\ekasir\system\Model.php(651): CodeIgniter\BaseModel->update(Array, NULL)
#3 D:\Kuliah\Kerja Praktik\program\ekasir\app\Controllers\Produk.php(165): CodeIgniter\Model->update(Array)
#4 D:\Kuliah\Kerja Praktik\program\ekasir\system\CodeIgniter.php(832): App\Controllers\Produk->update('JHSSAUIF')
#5 D:\Kuliah\Kerja Praktik\program\ekasir\system\CodeIgniter.php(419): CodeIgniter\CodeIgniter->runController(Object(App\Controllers\Produk))
#6 D:\Kuliah\Kerja Praktik\program\ekasir\system\CodeIgniter.php(326): CodeIgniter\CodeIgniter->handleRequest(NULL, Object(Config\Cache), false)
#7 D:\Kuliah\Kerja Praktik\program\ekasir\public\index.php(37): CodeIgniter\CodeIgniter->run()
#8 D:\Kuliah\Kerja Praktik\program\ekasir\system\Commands\Server\rewrite.php(43): require_once('D:\\Kuliah\\Kerja...')
#9 {main}
CRITICAL - 2022-07-18 15:24:40 --> There is no data to update.
#0 D:\Kuliah\Kerja Praktik\program\ekasir\system\BaseModel.php(1574): CodeIgniter\Database\Exceptions\DataException::forEmptyDataset('update')
#1 D:\Kuliah\Kerja Praktik\program\ekasir\system\BaseModel.php(832): CodeIgniter\BaseModel->transformDataToArray(NULL, 'update')
#2 D:\Kuliah\Kerja Praktik\program\ekasir\system\Model.php(651): CodeIgniter\BaseModel->update(Array, NULL)
#3 D:\Kuliah\Kerja Praktik\program\ekasir\app\Controllers\Produk.php(165): CodeIgniter\Model->update(Array)
#4 D:\Kuliah\Kerja Praktik\program\ekasir\system\CodeIgniter.php(832): App\Controllers\Produk->update('JHSSAUIF')
#5 D:\Kuliah\Kerja Praktik\program\ekasir\system\CodeIgniter.php(419): CodeIgniter\CodeIgniter->runController(Object(App\Controllers\Produk))
#6 D:\Kuliah\Kerja Praktik\program\ekasir\system\CodeIgniter.php(326): CodeIgniter\CodeIgniter->handleRequest(NULL, Object(Config\Cache), false)
#7 D:\Kuliah\Kerja Praktik\program\ekasir\public\index.php(37): CodeIgniter\CodeIgniter->run()
#8 D:\Kuliah\Kerja Praktik\program\ekasir\system\Commands\Server\rewrite.php(43): require_once('D:\\Kuliah\\Kerja...')
#9 {main}
ERROR - 2022-07-18 15:25:00 --> Duplicate entry 'JHSSAUIF' for key 'PRIMARY'
CRITICAL - 2022-07-18 15:25:00 --> Duplicate entry 'JHSSAUIF' for key 'PRIMARY'
#0 D:\Kuliah\Kerja Praktik\program\ekasir\system\Database\MySQLi\Connection.php(292): mysqli->query('INSERT INTO `pr...', 0)
#1 D:\Kuliah\Kerja Praktik\program\ekasir\system\Database\BaseConnection.php(670): CodeIgniter\Database\MySQLi\Connection->execute('INSERT INTO `pr...')
#2 D:\Kuliah\Kerja Praktik\program\ekasir\system\Database\BaseConnection.php(598): CodeIgniter\Database\BaseConnection->simpleQuery('INSERT INTO `pr...')
#3 D:\Kuliah\Kerja Praktik\program\ekasir\system\Database\BaseBuilder.php(1771): CodeIgniter\Database\BaseConnection->query('INSERT INTO `pr...', Array, false)
#4 D:\Kuliah\Kerja Praktik\program\ekasir\system\Model.php(239): CodeIgniter\Database\BaseBuilder->insert()
#5 D:\Kuliah\Kerja Praktik\program\ekasir\system\BaseModel.php(738): CodeIgniter\Model->doInsert(Array)
#6 D:\Kuliah\Kerja Praktik\program\ekasir\system\Model.php(625): CodeIgniter\BaseModel->insert(Array, true)
#7 D:\Kuliah\Kerja Praktik\program\ekasir\app\Controllers\Produk.php(165): CodeIgniter\Model->insert(Array)
#8 D:\Kuliah\Kerja Praktik\program\ekasir\system\CodeIgniter.php(832): App\Controllers\Produk->update('JHSSAUIF')
#9 D:\Kuliah\Kerja Praktik\program\ekasir\system\CodeIgniter.php(419): CodeIgniter\CodeIgniter->runController(Object(App\Controllers\Produk))
#10 D:\Kuliah\Kerja Praktik\program\ekasir\system\CodeIgniter.php(326): CodeIgniter\CodeIgniter->handleRequest(NULL, Object(Config\Cache), false)
#11 D:\Kuliah\Kerja Praktik\program\ekasir\public\index.php(37): CodeIgniter\CodeIgniter->run()
#12 D:\Kuliah\Kerja Praktik\program\ekasir\system\Commands\Server\rewrite.php(43): require_once('D:\\Kuliah\\Kerja...')
#13 {main}
ERROR - 2022-07-18 15:53:59 --> Duplicate entry 'JHSSAUIF' for key 'PRIMARY'
CRITICAL - 2022-07-18 15:53:59 --> Duplicate entry 'JHSSAUIF' for key 'PRIMARY'
#0 D:\Kuliah\Kerja Praktik\program\ekasir\system\Database\MySQLi\Connection.php(292): mysqli->query('INSERT INTO `pr...', 0)
#1 D:\Kuliah\Kerja Praktik\program\ekasir\system\Database\BaseConnection.php(670): CodeIgniter\Database\MySQLi\Connection->execute('INSERT INTO `pr...')
#2 D:\Kuliah\Kerja Praktik\program\ekasir\system\Database\BaseConnection.php(598): CodeIgniter\Database\BaseConnection->simpleQuery('INSERT INTO `pr...')
#3 D:\Kuliah\Kerja Praktik\program\ekasir\system\Database\BaseBuilder.php(1771): CodeIgniter\Database\BaseConnection->query('INSERT INTO `pr...', Array, false)
#4 D:\Kuliah\Kerja Praktik\program\ekasir\system\Model.php(239): CodeIgniter\Database\BaseBuilder->insert()
#5 D:\Kuliah\Kerja Praktik\program\ekasir\system\BaseModel.php(738): CodeIgniter\Model->doInsert(Array)
#6 D:\Kuliah\Kerja Praktik\program\ekasir\system\Model.php(625): CodeIgniter\BaseModel->insert(Array, true)
#7 D:\Kuliah\Kerja Praktik\program\ekasir\app\Controllers\Produk.php(178): CodeIgniter\Model->insert(Array)
#8 D:\Kuliah\Kerja Praktik\program\ekasir\system\CodeIgniter.php(832): App\Controllers\Produk->update('JHSSAUIF')
#9 D:\Kuliah\Kerja Praktik\program\ekasir\system\CodeIgniter.php(419): CodeIgniter\CodeIgniter->runController(Object(App\Controllers\Produk))
#10 D:\Kuliah\Kerja Praktik\program\ekasir\system\CodeIgniter.php(326): CodeIgniter\CodeIgniter->handleRequest(NULL, Object(Config\Cache), false)
#11 D:\Kuliah\Kerja Praktik\program\ekasir\public\index.php(37): CodeIgniter\CodeIgniter->run()
#12 D:\Kuliah\Kerja Praktik\program\ekasir\system\Commands\Server\rewrite.php(43): require_once('D:\\Kuliah\\Kerja...')
#13 {main}
CRITICAL - 2022-07-18 15:57:44 --> There is no data to update.
#0 D:\Kuliah\Kerja Praktik\program\ekasir\system\BaseModel.php(1574): CodeIgniter\Database\Exceptions\DataException::forEmptyDataset('update')
#1 D:\Kuliah\Kerja Praktik\program\ekasir\system\BaseModel.php(832): CodeIgniter\BaseModel->transformDataToArray(NULL, 'update')
#2 D:\Kuliah\Kerja Praktik\program\ekasir\system\Model.php(651): CodeIgniter\BaseModel->update(Array, NULL)
#3 D:\Kuliah\Kerja Praktik\program\ekasir\app\Controllers\Produk.php(191): CodeIgniter\Model->update(Array)
#4 D:\Kuliah\Kerja Praktik\program\ekasir\system\CodeIgniter.php(832): App\Controllers\Produk->update('JHSSAUIF')
#5 D:\Kuliah\Kerja Praktik\program\ekasir\system\CodeIgniter.php(419): CodeIgniter\CodeIgniter->runController(Object(App\Controllers\Produk))
#6 D:\Kuliah\Kerja Praktik\program\ekasir\system\CodeIgniter.php(326): CodeIgniter\CodeIgniter->handleRequest(NULL, Object(Config\Cache), false)
#7 D:\Kuliah\Kerja Praktik\program\ekasir\public\index.php(37): CodeIgniter\CodeIgniter->run()
#8 D:\Kuliah\Kerja Praktik\program\ekasir\system\Commands\Server\rewrite.php(43): require_once('D:\\Kuliah\\Kerja...')
#9 {main}
CRITICAL - 2022-07-18 15:57:56 --> There is no data to update.
#0 D:\Kuliah\Kerja Praktik\program\ekasir\system\BaseModel.php(1574): CodeIgniter\Database\Exceptions\DataException::forEmptyDataset('update')
#1 D:\Kuliah\Kerja Praktik\program\ekasir\system\BaseModel.php(832): CodeIgniter\BaseModel->transformDataToArray(NULL, 'update')
#2 D:\Kuliah\Kerja Praktik\program\ekasir\system\Model.php(651): CodeIgniter\BaseModel->update(Array, NULL)
#3 D:\Kuliah\Kerja Praktik\program\ekasir\app\Controllers\Produk.php(191): CodeIgniter\Model->update(Array)
#4 D:\Kuliah\Kerja Praktik\program\ekasir\system\CodeIgniter.php(832): App\Controllers\Produk->update('JHSSAUIF')
#5 D:\Kuliah\Kerja Praktik\program\ekasir\system\CodeIgniter.php(419): CodeIgniter\CodeIgniter->runController(Object(App\Controllers\Produk))
#6 D:\Kuliah\Kerja Praktik\program\ekasir\system\CodeIgniter.php(326): CodeIgniter\CodeIgniter->handleRequest(NULL, Object(Config\Cache), false)
#7 D:\Kuliah\Kerja Praktik\program\ekasir\public\index.php(37): CodeIgniter\CodeIgniter->run()
#8 D:\Kuliah\Kerja Praktik\program\ekasir\system\Commands\Server\rewrite.php(43): require_once('D:\\Kuliah\\Kerja...')
#9 {main}
CRITICAL - 2022-07-18 15:58:05 --> There is no data to update.
#0 D:\Kuliah\Kerja Praktik\program\ekasir\system\BaseModel.php(1574): CodeIgniter\Database\Exceptions\DataException::forEmptyDataset('update')
#1 D:\Kuliah\Kerja Praktik\program\ekasir\system\BaseModel.php(832): CodeIgniter\BaseModel->transformDataToArray(NULL, 'update')
#2 D:\Kuliah\Kerja Praktik\program\ekasir\system\Model.php(651): CodeIgniter\BaseModel->update(Array, NULL)
#3 D:\Kuliah\Kerja Praktik\program\ekasir\app\Controllers\Produk.php(191): CodeIgniter\Model->update(Array)
#4 D:\Kuliah\Kerja Praktik\program\ekasir\system\CodeIgniter.php(832): App\Controllers\Produk->update('JHSSAUIF')
#5 D:\Kuliah\Kerja Praktik\program\ekasir\system\CodeIgniter.php(419): CodeIgniter\CodeIgniter->runController(Object(App\Controllers\Produk))
#6 D:\Kuliah\Kerja Praktik\program\ekasir\system\CodeIgniter.php(326): CodeIgniter\CodeIgniter->handleRequest(NULL, Object(Config\Cache), false)
#7 D:\Kuliah\Kerja Praktik\program\ekasir\public\index.php(37): CodeIgniter\CodeIgniter->run()
#8 D:\Kuliah\Kerja Praktik\program\ekasir\system\Commands\Server\rewrite.php(43): require_once('D:\\Kuliah\\Kerja...')
#9 {main}
CRITICAL - 2022-07-18 16:03:41 --> There is no data to update.
#0 D:\Kuliah\Kerja Praktik\program\ekasir\system\BaseModel.php(1574): CodeIgniter\Database\Exceptions\DataException::forEmptyDataset('update')
#1 D:\Kuliah\Kerja Praktik\program\ekasir\system\BaseModel.php(832): CodeIgniter\BaseModel->transformDataToArray(NULL, 'update')
#2 D:\Kuliah\Kerja Praktik\program\ekasir\system\Model.php(651): CodeIgniter\BaseModel->update(Array, NULL)
#3 D:\Kuliah\Kerja Praktik\program\ekasir\app\Controllers\Produk.php(191): CodeIgniter\Model->update(Array)
#4 D:\Kuliah\Kerja Praktik\program\ekasir\system\CodeIgniter.php(832): App\Controllers\Produk->update('JHSSAUIF')
#5 D:\Kuliah\Kerja Praktik\program\ekasir\system\CodeIgniter.php(419): CodeIgniter\CodeIgniter->runController(Object(App\Controllers\Produk))
#6 D:\Kuliah\Kerja Praktik\program\ekasir\system\CodeIgniter.php(326): CodeIgniter\CodeIgniter->handleRequest(NULL, Object(Config\Cache), false)
#7 D:\Kuliah\Kerja Praktik\program\ekasir\public\index.php(37): CodeIgniter\CodeIgniter->run()
#8 D:\Kuliah\Kerja Praktik\program\ekasir\system\Commands\Server\rewrite.php(43): require_once('D:\\Kuliah\\Kerja...')
#9 {main}
CRITICAL - 2022-07-18 16:11:41 --> There is no data to update.
#0 D:\Kuliah\Kerja Praktik\program\ekasir\system\BaseModel.php(1574): CodeIgniter\Database\Exceptions\DataException::forEmptyDataset('update')
#1 D:\Kuliah\Kerja Praktik\program\ekasir\system\BaseModel.php(832): CodeIgniter\BaseModel->transformDataToArray(NULL, 'update')
#2 D:\Kuliah\Kerja Praktik\program\ekasir\system\Model.php(651): CodeIgniter\BaseModel->update(Array, NULL)
#3 D:\Kuliah\Kerja Praktik\program\ekasir\app\Controllers\Produk.php(190): CodeIgniter\Model->update(Array)
#4 D:\Kuliah\Kerja Praktik\program\ekasir\system\CodeIgniter.php(832): App\Controllers\Produk->update('JHSSAUIF')
#5 D:\Kuliah\Kerja Praktik\program\ekasir\system\CodeIgniter.php(419): CodeIgniter\CodeIgniter->runController(Object(App\Controllers\Produk))
#6 D:\Kuliah\Kerja Praktik\program\ekasir\system\CodeIgniter.php(326): CodeIgniter\CodeIgniter->handleRequest(NULL, Object(Config\Cache), false)
#7 D:\Kuliah\Kerja Praktik\program\ekasir\public\index.php(37): CodeIgniter\CodeIgniter->run()
#8 D:\Kuliah\Kerja Praktik\program\ekasir\system\Commands\Server\rewrite.php(43): require_once('D:\\Kuliah\\Kerja...')
#9 {main}
ERROR - 2022-07-18 16:12:25 --> Duplicate entry '' for key 'PRIMARY'
CRITICAL - 2022-07-18 16:12:25 --> Duplicate entry '' for key 'PRIMARY'
#0 D:\Kuliah\Kerja Praktik\program\ekasir\system\Database\MySQLi\Connection.php(292): mysqli->query('INSERT INTO `pr...', 0)
#1 D:\Kuliah\Kerja Praktik\program\ekasir\system\Database\BaseConnection.php(670): CodeIgniter\Database\MySQLi\Connection->execute('INSERT INTO `pr...')
#2 D:\Kuliah\Kerja Praktik\program\ekasir\system\Database\BaseConnection.php(598): CodeIgniter\Database\BaseConnection->simpleQuery('INSERT INTO `pr...')
#3 D:\Kuliah\Kerja Praktik\program\ekasir\system\Database\BaseBuilder.php(1771): CodeIgniter\Database\BaseConnection->query('INSERT INTO `pr...', Array, false)
#4 D:\Kuliah\Kerja Praktik\program\ekasir\system\Model.php(239): CodeIgniter\Database\BaseBuilder->insert()
#5 D:\Kuliah\Kerja Praktik\program\ekasir\system\BaseModel.php(738): CodeIgniter\Model->doInsert(Array)
#6 D:\Kuliah\Kerja Praktik\program\ekasir\system\Model.php(625): CodeIgniter\BaseModel->insert(Array, false)
#7 D:\Kuliah\Kerja Praktik\program\ekasir\system\BaseModel.php(658): CodeIgniter\Model->insert(Array, false)
#8 D:\Kuliah\Kerja Praktik\program\ekasir\app\Controllers\Produk.php(190): CodeIgniter\BaseModel->save(Array)
#9 D:\Kuliah\Kerja Praktik\program\ekasir\system\CodeIgniter.php(832): App\Controllers\Produk->update('JHSSAUIF')
#10 D:\Kuliah\Kerja Praktik\program\ekasir\system\CodeIgniter.php(419): CodeIgniter\CodeIgniter->runController(Object(App\Controllers\Produk))
#11 D:\Kuliah\Kerja Praktik\program\ekasir\system\CodeIgniter.php(326): CodeIgniter\CodeIgniter->handleRequest(NULL, Object(Config\Cache), false)
#12 D:\Kuliah\Kerja Praktik\program\ekasir\public\index.php(37): CodeIgniter\CodeIgniter->run()
#13 D:\Kuliah\Kerja Praktik\program\ekasir\system\Commands\Server\rewrite.php(43): require_once('D:\\Kuliah\\Kerja...')
#14 {main}
CRITICAL - 2022-07-18 16:12:56 --> There is no data to update.
#0 D:\Kuliah\Kerja Praktik\program\ekasir\system\BaseModel.php(1574): CodeIgniter\Database\Exceptions\DataException::forEmptyDataset('update')
#1 D:\Kuliah\Kerja Praktik\program\ekasir\system\BaseModel.php(832): CodeIgniter\BaseModel->transformDataToArray(NULL, 'update')
#2 D:\Kuliah\Kerja Praktik\program\ekasir\system\Model.php(651): CodeIgniter\BaseModel->update(Array, NULL)
#3 D:\Kuliah\Kerja Praktik\program\ekasir\app\Controllers\Produk.php(191): CodeIgniter\Model->update(Array)
#4 D:\Kuliah\Kerja Praktik\program\ekasir\system\CodeIgniter.php(832): App\Controllers\Produk->update('JHSSAUIF')
#5 D:\Kuliah\Kerja Praktik\program\ekasir\system\CodeIgniter.php(419): CodeIgniter\CodeIgniter->runController(Object(App\Controllers\Produk))
#6 D:\Kuliah\Kerja Praktik\program\ekasir\system\CodeIgniter.php(326): CodeIgniter\CodeIgniter->handleRequest(NULL, Object(Config\Cache), false)
#7 D:\Kuliah\Kerja Praktik\program\ekasir\public\index.php(37): CodeIgniter\CodeIgniter->run()
#8 D:\Kuliah\Kerja Praktik\program\ekasir\system\Commands\Server\rewrite.php(43): require_once('D:\\Kuliah\\Kerja...')
#9 {main}
ERROR - 2022-07-18 16:13:13 --> Duplicate entry 'JHSSAUIF' for key 'PRIMARY'
CRITICAL - 2022-07-18 16:13:13 --> Duplicate entry 'JHSSAUIF' for key 'PRIMARY'
#0 D:\Kuliah\Kerja Praktik\program\ekasir\system\Database\MySQLi\Connection.php(292): mysqli->query('INSERT INTO `pr...', 0)
#1 D:\Kuliah\Kerja Praktik\program\ekasir\system\Database\BaseConnection.php(670): CodeIgniter\Database\MySQLi\Connection->execute('INSERT INTO `pr...')
#2 D:\Kuliah\Kerja Praktik\program\ekasir\system\Database\BaseConnection.php(598): CodeIgniter\Database\BaseConnection->simpleQuery('INSERT INTO `pr...')
#3 D:\Kuliah\Kerja Praktik\program\ekasir\system\Database\BaseBuilder.php(1771): CodeIgniter\Database\BaseConnection->query('INSERT INTO `pr...', Array, false)
#4 D:\Kuliah\Kerja Praktik\program\ekasir\system\Model.php(239): CodeIgniter\Database\BaseBuilder->insert()
#5 D:\Kuliah\Kerja Praktik\program\ekasir\system\BaseModel.php(738): CodeIgniter\Model->doInsert(Array)
#6 D:\Kuliah\Kerja Praktik\program\ekasir\system\Model.php(625): CodeIgniter\BaseModel->insert(Array, true)
#7 D:\Kuliah\Kerja Praktik\program\ekasir\app\Controllers\Produk.php(191): CodeIgniter\Model->insert(Array)
#8 D:\Kuliah\Kerja Praktik\program\ekasir\system\CodeIgniter.php(832): App\Controllers\Produk->update('JHSSAUIF')
#9 D:\Kuliah\Kerja Praktik\program\ekasir\system\CodeIgniter.php(419): CodeIgniter\CodeIgniter->runController(Object(App\Controllers\Produk))
#10 D:\Kuliah\Kerja Praktik\program\ekasir\system\CodeIgniter.php(326): CodeIgniter\CodeIgniter->handleRequest(NULL, Object(Config\Cache), false)
#11 D:\Kuliah\Kerja Praktik\program\ekasir\public\index.php(37): CodeIgniter\CodeIgniter->run()
#12 D:\Kuliah\Kerja Praktik\program\ekasir\system\Commands\Server\rewrite.php(43): require_once('D:\\Kuliah\\Kerja...')
#13 {main}
CRITICAL - 2022-07-18 20:34:49 --> Too few arguments to function App\Controllers\Supplier::delete(), 0 passed in D:\Kuliah\Kerja Praktik\program\ekasir\system\CodeIgniter.php on line 832 and exactly 1 expected
#0 D:\Kuliah\Kerja Praktik\program\ekasir\system\CodeIgniter.php(832): App\Controllers\Supplier->delete()
#1 D:\Kuliah\Kerja Praktik\program\ekasir\system\CodeIgniter.php(419): CodeIgniter\CodeIgniter->runController(Object(App\Controllers\Supplier))
#2 D:\Kuliah\Kerja Praktik\program\ekasir\system\CodeIgniter.php(326): CodeIgniter\CodeIgniter->handleRequest(NULL, Object(Config\Cache), false)
#3 D:\Kuliah\Kerja Praktik\program\ekasir\public\index.php(37): CodeIgniter\CodeIgniter->run()
#4 D:\Kuliah\Kerja Praktik\program\ekasir\system\Commands\Server\rewrite.php(43): require_once('D:\\Kuliah\\Kerja...')
#5 {main}
CRITICAL - 2022-07-18 22:44:59 --> Call to undefined function form_open()
#0 D:\Kuliah\Kerja Praktik\program\ekasir\system\View\View.php(210): include()
#1 D:\Kuliah\Kerja Praktik\program\ekasir\system\View\View.php(213): CodeIgniter\View\View->CodeIgniter\View\{closure}()
#2 D:\Kuliah\Kerja Praktik\program\ekasir\system\Common.php(1089): CodeIgniter\View\View->render('supplier/add_su...', Array, true)
#3 D:\Kuliah\Kerja Praktik\program\ekasir\app\Controllers\Supplier.php(29): view('supplier/add_su...')
#4 D:\Kuliah\Kerja Praktik\program\ekasir\system\CodeIgniter.php(832): App\Controllers\Supplier->add()
#5 D:\Kuliah\Kerja Praktik\program\ekasir\system\CodeIgniter.php(419): CodeIgniter\CodeIgniter->runController(Object(App\Controllers\Supplier))
#6 D:\Kuliah\Kerja Praktik\program\ekasir\system\CodeIgniter.php(326): CodeIgniter\CodeIgniter->handleRequest(NULL, Object(Config\Cache), false)
#7 D:\Kuliah\Kerja Praktik\program\ekasir\public\index.php(37): CodeIgniter\CodeIgniter->run()
#8 D:\Kuliah\Kerja Praktik\program\ekasir\system\Commands\Server\rewrite.php(43): require_once('D:\\Kuliah\\Kerja...')
#9 {main}
