CRITICAL - 2022-07-20 04:12:36 --> Undefined variable $produk_list
#0 D:\Kuliah\Kerja Praktik\program\ekasir\app\Views\transaksi\penjualan\trpenjualan.php(52): CodeIgniter\Debug\Exceptions->errorHandler(2, 'Undefined varia...', 'D:\\Kuliah\\Kerja...', 52)
#1 D:\Kuliah\Kerja Praktik\program\ekasir\system\View\View.php(210): include('D:\\Kuliah\\Kerja...')
#2 D:\Kuliah\Kerja Praktik\program\ekasir\system\View\View.php(213): CodeIgniter\View\View->CodeIgniter\View\{closure}()
#3 D:\Kuliah\Kerja Praktik\program\ekasir\system\Common.php(1089): CodeIgniter\View\View->render('transaksi/penju...', Array, true)
#4 D:\Kuliah\Kerja Praktik\program\ekasir\app\Controllers\Penjualan.php(10): view('transaksi/penju...')
#5 D:\Kuliah\Kerja Praktik\program\ekasir\system\CodeIgniter.php(832): App\Controllers\Penjualan->index()
#6 D:\Kuliah\Kerja Praktik\program\ekasir\system\CodeIgniter.php(419): CodeIgniter\CodeIgniter->runController(Object(App\Controllers\Penjualan))
#7 D:\Kuliah\Kerja Praktik\program\ekasir\system\CodeIgniter.php(326): CodeIgniter\CodeIgniter->handleRequest(NULL, Object(Config\Cache), false)
#8 D:\Kuliah\Kerja Praktik\program\ekasir\public\index.php(37): CodeIgniter\CodeIgniter->run()
#9 D:\Kuliah\Kerja Praktik\program\ekasir\system\Commands\Server\rewrite.php(43): require_once('D:\\Kuliah\\Kerja...')
#10 {main}
CRITICAL - 2022-07-20 04:16:24 --> Undefined variable $detailpenjualan
#0 D:\Kuliah\Kerja Praktik\program\ekasir\app\Views\transaksi\penjualan\trpenjualan.php(52): CodeIgniter\Debug\Exceptions->errorHandler(2, 'Undefined varia...', 'D:\\Kuliah\\Kerja...', 52)
#1 D:\Kuliah\Kerja Praktik\program\ekasir\system\View\View.php(210): include('D:\\Kuliah\\Kerja...')
#2 D:\Kuliah\Kerja Praktik\program\ekasir\system\View\View.php(213): CodeIgniter\View\View->CodeIgniter\View\{closure}()
#3 D:\Kuliah\Kerja Praktik\program\ekasir\system\Common.php(1089): CodeIgniter\View\View->render('transaksi/penju...', Array, true)
#4 D:\Kuliah\Kerja Praktik\program\ekasir\app\Controllers\Penjualan.php(10): view('transaksi/penju...')
#5 D:\Kuliah\Kerja Praktik\program\ekasir\system\CodeIgniter.php(832): App\Controllers\Penjualan->index()
#6 D:\Kuliah\Kerja Praktik\program\ekasir\system\CodeIgniter.php(419): CodeIgniter\CodeIgniter->runController(Object(App\Controllers\Penjualan))
#7 D:\Kuliah\Kerja Praktik\program\ekasir\system\CodeIgniter.php(326): CodeIgniter\CodeIgniter->handleRequest(NULL, Object(Config\Cache), false)
#8 D:\Kuliah\Kerja Praktik\program\ekasir\public\index.php(37): CodeIgniter\CodeIgniter->run()
#9 D:\Kuliah\Kerja Praktik\program\ekasir\system\Commands\Server\rewrite.php(43): require_once('D:\\Kuliah\\Kerja...')
#10 {main}
CRITICAL - 2022-07-20 04:29:11 --> Undefined variable $detailpenjualan
#0 D:\Kuliah\Kerja Praktik\program\ekasir\app\Views\transaksi\penjualan\trpenjualan.php(52): CodeIgniter\Debug\Exceptions->errorHandler(2, 'Undefined varia...', 'D:\\Kuliah\\Kerja...', 52)
#1 D:\Kuliah\Kerja Praktik\program\ekasir\system\View\View.php(210): include('D:\\Kuliah\\Kerja...')
#2 D:\Kuliah\Kerja Praktik\program\ekasir\system\View\View.php(213): CodeIgniter\View\View->CodeIgniter\View\{closure}()
#3 D:\Kuliah\Kerja Praktik\program\ekasir\system\Common.php(1089): CodeIgniter\View\View->render('transaksi/penju...', Array, true)
#4 D:\Kuliah\Kerja Praktik\program\ekasir\app\Controllers\Penjualan.php(10): view('transaksi/penju...')
#5 D:\Kuliah\Kerja Praktik\program\ekasir\system\CodeIgniter.php(832): App\Controllers\Penjualan->index()
#6 D:\Kuliah\Kerja Praktik\program\ekasir\system\CodeIgniter.php(419): CodeIgniter\CodeIgniter->runController(Object(App\Controllers\Penjualan))
#7 D:\Kuliah\Kerja Praktik\program\ekasir\system\CodeIgniter.php(326): CodeIgniter\CodeIgniter->handleRequest(NULL, Object(Config\Cache), false)
#8 D:\Kuliah\Kerja Praktik\program\ekasir\public\index.php(37): CodeIgniter\CodeIgniter->run()
#9 D:\Kuliah\Kerja Praktik\program\ekasir\system\Commands\Server\rewrite.php(43): require_once('D:\\Kuliah\\Kerja...')
#10 {main}
CRITICAL - 2022-07-20 04:30:59 --> Undefined variable $detailpenjualan
#0 D:\Kuliah\Kerja Praktik\program\ekasir\app\Views\transaksi\penjualan\trpenjualan.php(52): CodeIgniter\Debug\Exceptions->errorHandler(2, 'Undefined varia...', 'D:\\Kuliah\\Kerja...', 52)
#1 D:\Kuliah\Kerja Praktik\program\ekasir\system\View\View.php(210): include('D:\\Kuliah\\Kerja...')
#2 D:\Kuliah\Kerja Praktik\program\ekasir\system\View\View.php(213): CodeIgniter\View\View->CodeIgniter\View\{closure}()
#3 D:\Kuliah\Kerja Praktik\program\ekasir\system\Common.php(1089): CodeIgniter\View\View->render('transaksi/penju...', Array, true)
#4 D:\Kuliah\Kerja Praktik\program\ekasir\app\Controllers\Penjualan.php(10): view('transaksi/penju...')
#5 D:\Kuliah\Kerja Praktik\program\ekasir\system\CodeIgniter.php(832): App\Controllers\Penjualan->index()
#6 D:\Kuliah\Kerja Praktik\program\ekasir\system\CodeIgniter.php(419): CodeIgniter\CodeIgniter->runController(Object(App\Controllers\Penjualan))
#7 D:\Kuliah\Kerja Praktik\program\ekasir\system\CodeIgniter.php(326): CodeIgniter\CodeIgniter->handleRequest(NULL, Object(Config\Cache), false)
#8 D:\Kuliah\Kerja Praktik\program\ekasir\public\index.php(37): CodeIgniter\CodeIgniter->run()
#9 D:\Kuliah\Kerja Praktik\program\ekasir\system\Commands\Server\rewrite.php(43): require_once('D:\\Kuliah\\Kerja...')
#10 {main}
CRITICAL - 2022-07-20 04:32:04 --> Undefined variable $detailpenjualan
#0 D:\Kuliah\Kerja Praktik\program\ekasir\app\Views\transaksi\penjualan\trpenjualan.php(52): CodeIgniter\Debug\Exceptions->errorHandler(2, 'Undefined varia...', 'D:\\Kuliah\\Kerja...', 52)
#1 D:\Kuliah\Kerja Praktik\program\ekasir\system\View\View.php(210): include('D:\\Kuliah\\Kerja...')
#2 D:\Kuliah\Kerja Praktik\program\ekasir\system\View\View.php(213): CodeIgniter\View\View->CodeIgniter\View\{closure}()
#3 D:\Kuliah\Kerja Praktik\program\ekasir\system\Common.php(1089): CodeIgniter\View\View->render('transaksi/penju...', Array, true)
#4 D:\Kuliah\Kerja Praktik\program\ekasir\app\Controllers\Penjualan.php(10): view('transaksi/penju...')
#5 D:\Kuliah\Kerja Praktik\program\ekasir\system\CodeIgniter.php(832): App\Controllers\Penjualan->index()
#6 D:\Kuliah\Kerja Praktik\program\ekasir\system\CodeIgniter.php(419): CodeIgniter\CodeIgniter->runController(Object(App\Controllers\Penjualan))
#7 D:\Kuliah\Kerja Praktik\program\ekasir\system\CodeIgniter.php(326): CodeIgniter\CodeIgniter->handleRequest(NULL, Object(Config\Cache), false)
#8 D:\Kuliah\Kerja Praktik\program\ekasir\public\index.php(37): CodeIgniter\CodeIgniter->run()
#9 D:\Kuliah\Kerja Praktik\program\ekasir\system\Commands\Server\rewrite.php(43): require_once('D:\\Kuliah\\Kerja...')
#10 {main}
CRITICAL - 2022-07-20 04:34:28 --> Undefined variable $detailpenjualan
#0 D:\Kuliah\Kerja Praktik\program\ekasir\app\Views\transaksi\penjualan\trpenjualan.php(52): CodeIgniter\Debug\Exceptions->errorHandler(2, 'Undefined varia...', 'D:\\Kuliah\\Kerja...', 52)
#1 D:\Kuliah\Kerja Praktik\program\ekasir\system\View\View.php(210): include('D:\\Kuliah\\Kerja...')
#2 D:\Kuliah\Kerja Praktik\program\ekasir\system\View\View.php(213): CodeIgniter\View\View->CodeIgniter\View\{closure}()
#3 D:\Kuliah\Kerja Praktik\program\ekasir\system\Common.php(1089): CodeIgniter\View\View->render('transaksi/penju...', Array, true)
#4 D:\Kuliah\Kerja Praktik\program\ekasir\app\Controllers\Penjualan.php(10): view('transaksi/penju...')
#5 D:\Kuliah\Kerja Praktik\program\ekasir\system\CodeIgniter.php(832): App\Controllers\Penjualan->index()
#6 D:\Kuliah\Kerja Praktik\program\ekasir\system\CodeIgniter.php(419): CodeIgniter\CodeIgniter->runController(Object(App\Controllers\Penjualan))
#7 D:\Kuliah\Kerja Praktik\program\ekasir\system\CodeIgniter.php(326): CodeIgniter\CodeIgniter->handleRequest(NULL, Object(Config\Cache), false)
#8 D:\Kuliah\Kerja Praktik\program\ekasir\public\index.php(37): CodeIgniter\CodeIgniter->run()
#9 D:\Kuliah\Kerja Praktik\program\ekasir\system\Commands\Server\rewrite.php(43): require_once('D:\\Kuliah\\Kerja...')
#10 {main}
CRITICAL - 2022-07-20 04:35:54 --> Undefined variable $detailpenjualan
#0 D:\Kuliah\Kerja Praktik\program\ekasir\app\Views\transaksi\penjualan\trpenjualan.php(52): CodeIgniter\Debug\Exceptions->errorHandler(2, 'Undefined varia...', 'D:\\Kuliah\\Kerja...', 52)
#1 D:\Kuliah\Kerja Praktik\program\ekasir\system\View\View.php(210): include('D:\\Kuliah\\Kerja...')
#2 D:\Kuliah\Kerja Praktik\program\ekasir\system\View\View.php(213): CodeIgniter\View\View->CodeIgniter\View\{closure}()
#3 D:\Kuliah\Kerja Praktik\program\ekasir\system\Common.php(1089): CodeIgniter\View\View->render('transaksi/penju...', Array, true)
#4 D:\Kuliah\Kerja Praktik\program\ekasir\app\Controllers\Penjualan.php(10): view('transaksi/penju...')
#5 D:\Kuliah\Kerja Praktik\program\ekasir\system\CodeIgniter.php(832): App\Controllers\Penjualan->index()
#6 D:\Kuliah\Kerja Praktik\program\ekasir\system\CodeIgniter.php(419): CodeIgniter\CodeIgniter->runController(Object(App\Controllers\Penjualan))
#7 D:\Kuliah\Kerja Praktik\program\ekasir\system\CodeIgniter.php(326): CodeIgniter\CodeIgniter->handleRequest(NULL, Object(Config\Cache), false)
#8 D:\Kuliah\Kerja Praktik\program\ekasir\public\index.php(37): CodeIgniter\CodeIgniter->run()
#9 D:\Kuliah\Kerja Praktik\program\ekasir\system\Commands\Server\rewrite.php(43): require_once('D:\\Kuliah\\Kerja...')
#10 {main}
ERROR - 2022-07-20 04:36:01 --> Unknown table 'db_ekasir.detailpenjualan'
CRITICAL - 2022-07-20 04:36:01 --> Unknown table 'db_ekasir.detailpenjualan'
#0 D:\Kuliah\Kerja Praktik\program\ekasir\system\Database\MySQLi\Connection.php(292): mysqli->query('SELECT `detailp...', 0)
#1 D:\Kuliah\Kerja Praktik\program\ekasir\system\Database\BaseConnection.php(670): CodeIgniter\Database\MySQLi\Connection->execute('SELECT `detailp...')
#2 D:\Kuliah\Kerja Praktik\program\ekasir\system\Database\BaseConnection.php(598): CodeIgniter\Database\BaseConnection->simpleQuery('SELECT `detailp...')
#3 D:\Kuliah\Kerja Praktik\program\ekasir\system\Database\BaseBuilder.php(1455): CodeIgniter\Database\BaseConnection->query('SELECT `detailp...', Array, false)
#4 D:\Kuliah\Kerja Praktik\program\ekasir\system\Model.php(183): CodeIgniter\Database\BaseBuilder->get()
#5 D:\Kuliah\Kerja Praktik\program\ekasir\system\BaseModel.php(584): CodeIgniter\Model->doFindAll(0, 0)
#6 D:\Kuliah\Kerja Praktik\program\ekasir\app\Controllers\DetailPenjualan.php(26): CodeIgniter\BaseModel->findAll()
#7 D:\Kuliah\Kerja Praktik\program\ekasir\system\CodeIgniter.php(832): App\Controllers\DetailPenjualan->index()
#8 D:\Kuliah\Kerja Praktik\program\ekasir\system\CodeIgniter.php(419): CodeIgniter\CodeIgniter->runController(Object(App\Controllers\DetailPenjualan))
#9 D:\Kuliah\Kerja Praktik\program\ekasir\system\CodeIgniter.php(326): CodeIgniter\CodeIgniter->handleRequest(NULL, Object(Config\Cache), false)
#10 D:\Kuliah\Kerja Praktik\program\ekasir\public\index.php(37): CodeIgniter\CodeIgniter->run()
#11 D:\Kuliah\Kerja Praktik\program\ekasir\system\Commands\Server\rewrite.php(43): require_once('D:\\Kuliah\\Kerja...')
#12 {main}
ERROR - 2022-07-20 04:36:46 --> Unknown column 'produk.nama' in 'field list'
CRITICAL - 2022-07-20 04:36:46 --> Unknown column 'produk.nama' in 'field list'
#0 D:\Kuliah\Kerja Praktik\program\ekasir\system\Database\MySQLi\Connection.php(292): mysqli->query('SELECT `detail_...', 0)
#1 D:\Kuliah\Kerja Praktik\program\ekasir\system\Database\BaseConnection.php(670): CodeIgniter\Database\MySQLi\Connection->execute('SELECT `detail_...')
#2 D:\Kuliah\Kerja Praktik\program\ekasir\system\Database\BaseConnection.php(598): CodeIgniter\Database\BaseConnection->simpleQuery('SELECT `detail_...')
#3 D:\Kuliah\Kerja Praktik\program\ekasir\system\Database\BaseBuilder.php(1455): CodeIgniter\Database\BaseConnection->query('SELECT `detail_...', Array, false)
#4 D:\Kuliah\Kerja Praktik\program\ekasir\system\Model.php(183): CodeIgniter\Database\BaseBuilder->get()
#5 D:\Kuliah\Kerja Praktik\program\ekasir\system\BaseModel.php(584): CodeIgniter\Model->doFindAll(0, 0)
#6 D:\Kuliah\Kerja Praktik\program\ekasir\app\Controllers\DetailPenjualan.php(26): CodeIgniter\BaseModel->findAll()
#7 D:\Kuliah\Kerja Praktik\program\ekasir\system\CodeIgniter.php(832): App\Controllers\DetailPenjualan->index()
#8 D:\Kuliah\Kerja Praktik\program\ekasir\system\CodeIgniter.php(419): CodeIgniter\CodeIgniter->runController(Object(App\Controllers\DetailPenjualan))
#9 D:\Kuliah\Kerja Praktik\program\ekasir\system\CodeIgniter.php(326): CodeIgniter\CodeIgniter->handleRequest(NULL, Object(Config\Cache), false)
#10 D:\Kuliah\Kerja Praktik\program\ekasir\public\index.php(37): CodeIgniter\CodeIgniter->run()
#11 D:\Kuliah\Kerja Praktik\program\ekasir\system\Commands\Server\rewrite.php(43): require_once('D:\\Kuliah\\Kerja...')
#12 {main}
ERROR - 2022-07-20 04:37:03 --> Unknown column 'produk.id_produk' in 'on clause'
CRITICAL - 2022-07-20 04:37:03 --> Unknown column 'produk.id_produk' in 'on clause'
#0 D:\Kuliah\Kerja Praktik\program\ekasir\system\Database\MySQLi\Connection.php(292): mysqli->query('SELECT `detail_...', 0)
#1 D:\Kuliah\Kerja Praktik\program\ekasir\system\Database\BaseConnection.php(670): CodeIgniter\Database\MySQLi\Connection->execute('SELECT `detail_...')
#2 D:\Kuliah\Kerja Praktik\program\ekasir\system\Database\BaseConnection.php(598): CodeIgniter\Database\BaseConnection->simpleQuery('SELECT `detail_...')
#3 D:\Kuliah\Kerja Praktik\program\ekasir\system\Database\BaseBuilder.php(1455): CodeIgniter\Database\BaseConnection->query('SELECT `detail_...', Array, false)
#4 D:\Kuliah\Kerja Praktik\program\ekasir\system\Model.php(183): CodeIgniter\Database\BaseBuilder->get()
#5 D:\Kuliah\Kerja Praktik\program\ekasir\system\BaseModel.php(584): CodeIgniter\Model->doFindAll(0, 0)
#6 D:\Kuliah\Kerja Praktik\program\ekasir\app\Controllers\DetailPenjualan.php(26): CodeIgniter\BaseModel->findAll()
#7 D:\Kuliah\Kerja Praktik\program\ekasir\system\CodeIgniter.php(832): App\Controllers\DetailPenjualan->index()
#8 D:\Kuliah\Kerja Praktik\program\ekasir\system\CodeIgniter.php(419): CodeIgniter\CodeIgniter->runController(Object(App\Controllers\DetailPenjualan))
#9 D:\Kuliah\Kerja Praktik\program\ekasir\system\CodeIgniter.php(326): CodeIgniter\CodeIgniter->handleRequest(NULL, Object(Config\Cache), false)
#10 D:\Kuliah\Kerja Praktik\program\ekasir\public\index.php(37): CodeIgniter\CodeIgniter->run()
#11 D:\Kuliah\Kerja Praktik\program\ekasir\system\Commands\Server\rewrite.php(43): require_once('D:\\Kuliah\\Kerja...')
#12 {main}
ERROR - 2022-07-20 04:37:05 --> Unknown column 'produk.id_produk' in 'on clause'
CRITICAL - 2022-07-20 04:37:05 --> Unknown column 'produk.id_produk' in 'on clause'
#0 D:\Kuliah\Kerja Praktik\program\ekasir\system\Database\MySQLi\Connection.php(292): mysqli->query('SELECT `detail_...', 0)
#1 D:\Kuliah\Kerja Praktik\program\ekasir\system\Database\BaseConnection.php(670): CodeIgniter\Database\MySQLi\Connection->execute('SELECT `detail_...')
#2 D:\Kuliah\Kerja Praktik\program\ekasir\system\Database\BaseConnection.php(598): CodeIgniter\Database\BaseConnection->simpleQuery('SELECT `detail_...')
#3 D:\Kuliah\Kerja Praktik\program\ekasir\system\Database\BaseBuilder.php(1455): CodeIgniter\Database\BaseConnection->query('SELECT `detail_...', Array, false)
#4 D:\Kuliah\Kerja Praktik\program\ekasir\system\Model.php(183): CodeIgniter\Database\BaseBuilder->get()
#5 D:\Kuliah\Kerja Praktik\program\ekasir\system\BaseModel.php(584): CodeIgniter\Model->doFindAll(0, 0)
#6 D:\Kuliah\Kerja Praktik\program\ekasir\app\Controllers\DetailPenjualan.php(26): CodeIgniter\BaseModel->findAll()
#7 D:\Kuliah\Kerja Praktik\program\ekasir\system\CodeIgniter.php(832): App\Controllers\DetailPenjualan->index()
#8 D:\Kuliah\Kerja Praktik\program\ekasir\system\CodeIgniter.php(419): CodeIgniter\CodeIgniter->runController(Object(App\Controllers\DetailPenjualan))
#9 D:\Kuliah\Kerja Praktik\program\ekasir\system\CodeIgniter.php(326): CodeIgniter\CodeIgniter->handleRequest(NULL, Object(Config\Cache), false)
#10 D:\Kuliah\Kerja Praktik\program\ekasir\public\index.php(37): CodeIgniter\CodeIgniter->run()
#11 D:\Kuliah\Kerja Praktik\program\ekasir\system\Commands\Server\rewrite.php(43): require_once('D:\\Kuliah\\Kerja...')
#12 {main}
CRITICAL - 2022-07-20 05:22:23 --> Undefined array key "nama_produk"
#0 D:\Kuliah\Kerja Praktik\program\ekasir\app\Views\transaksi\penjualan\trpenjualan.php(54): CodeIgniter\Debug\Exceptions->errorHandler(2, 'Undefined array...', 'D:\\Kuliah\\Kerja...', 54)
#1 D:\Kuliah\Kerja Praktik\program\ekasir\system\View\View.php(210): include('D:\\Kuliah\\Kerja...')
#2 D:\Kuliah\Kerja Praktik\program\ekasir\system\View\View.php(213): CodeIgniter\View\View->CodeIgniter\View\{closure}()
#3 D:\Kuliah\Kerja Praktik\program\ekasir\system\Common.php(1089): CodeIgniter\View\View->render('transaksi/penju...', Array, true)
#4 D:\Kuliah\Kerja Praktik\program\ekasir\app\Controllers\DetailPenjualan.php(35): view('transaksi/penju...', Array)
#5 D:\Kuliah\Kerja Praktik\program\ekasir\system\CodeIgniter.php(832): App\Controllers\DetailPenjualan->index()
#6 D:\Kuliah\Kerja Praktik\program\ekasir\system\CodeIgniter.php(419): CodeIgniter\CodeIgniter->runController(Object(App\Controllers\DetailPenjualan))
#7 D:\Kuliah\Kerja Praktik\program\ekasir\system\CodeIgniter.php(326): CodeIgniter\CodeIgniter->handleRequest(NULL, Object(Config\Cache), false)
#8 D:\Kuliah\Kerja Praktik\program\ekasir\public\index.php(37): CodeIgniter\CodeIgniter->run()
#9 D:\Kuliah\Kerja Praktik\program\ekasir\system\Commands\Server\rewrite.php(43): require_once('D:\\Kuliah\\Kerja...')
#10 {main}
CRITICAL - 2022-07-20 05:35:16 --> Call to undefined method App\Controllers\DetailPenjualan::detailpenjualanModel()
#0 D:\Kuliah\Kerja Praktik\program\ekasir\system\CodeIgniter.php(832): App\Controllers\DetailPenjualan->cari()
#1 D:\Kuliah\Kerja Praktik\program\ekasir\system\CodeIgniter.php(419): CodeIgniter\CodeIgniter->runController(Object(App\Controllers\DetailPenjualan))
#2 D:\Kuliah\Kerja Praktik\program\ekasir\system\CodeIgniter.php(326): CodeIgniter\CodeIgniter->handleRequest(NULL, Object(Config\Cache), false)
#3 D:\Kuliah\Kerja Praktik\program\ekasir\public\index.php(37): CodeIgniter\CodeIgniter->run()
#4 D:\Kuliah\Kerja Praktik\program\ekasir\system\Commands\Server\rewrite.php(43): require_once('D:\\Kuliah\\Kerja...')
#5 {main}
CRITICAL - 2022-07-20 05:46:09 --> Cannot increment array
#0 D:\Kuliah\Kerja Praktik\program\ekasir\system\View\View.php(210): include()
#1 D:\Kuliah\Kerja Praktik\program\ekasir\system\View\View.php(213): CodeIgniter\View\View->CodeIgniter\View\{closure}()
#2 D:\Kuliah\Kerja Praktik\program\ekasir\system\Common.php(1089): CodeIgniter\View\View->render('transaksi/penju...', Array, true)
#3 D:\Kuliah\Kerja Praktik\program\ekasir\app\Controllers\DetailPenjualan.php(35): view('transaksi/penju...', Array)
#4 D:\Kuliah\Kerja Praktik\program\ekasir\system\CodeIgniter.php(832): App\Controllers\DetailPenjualan->index()
#5 D:\Kuliah\Kerja Praktik\program\ekasir\system\CodeIgniter.php(419): CodeIgniter\CodeIgniter->runController(Object(App\Controllers\DetailPenjualan))
#6 D:\Kuliah\Kerja Praktik\program\ekasir\system\CodeIgniter.php(326): CodeIgniter\CodeIgniter->handleRequest(NULL, Object(Config\Cache), false)
#7 D:\Kuliah\Kerja Praktik\program\ekasir\public\index.php(37): CodeIgniter\CodeIgniter->run()
#8 D:\Kuliah\Kerja Praktik\program\ekasir\system\Commands\Server\rewrite.php(43): require_once('D:\\Kuliah\\Kerja...')
#9 {main}
CRITICAL - 2022-07-20 09:58:10 --> Undefined variable $supplier
#0 D:\Kuliah\Kerja Praktik\program\ekasir\app\Views\transaksi\penjualan\trpenjualan.php(63): CodeIgniter\Debug\Exceptions->errorHandler(2, 'Undefined varia...', 'D:\\Kuliah\\Kerja...', 63)
#1 D:\Kuliah\Kerja Praktik\program\ekasir\system\View\View.php(210): include('D:\\Kuliah\\Kerja...')
#2 D:\Kuliah\Kerja Praktik\program\ekasir\system\View\View.php(213): CodeIgniter\View\View->CodeIgniter\View\{closure}()
#3 D:\Kuliah\Kerja Praktik\program\ekasir\system\Common.php(1089): CodeIgniter\View\View->render('transaksi/penju...', Array, true)
#4 D:\Kuliah\Kerja Praktik\program\ekasir\app\Controllers\DetailPenjualan.php(35): view('transaksi/penju...', Array)
#5 D:\Kuliah\Kerja Praktik\program\ekasir\system\CodeIgniter.php(832): App\Controllers\DetailPenjualan->index()
#6 D:\Kuliah\Kerja Praktik\program\ekasir\system\CodeIgniter.php(419): CodeIgniter\CodeIgniter->runController(Object(App\Controllers\DetailPenjualan))
#7 D:\Kuliah\Kerja Praktik\program\ekasir\system\CodeIgniter.php(326): CodeIgniter\CodeIgniter->handleRequest(NULL, Object(Config\Cache), false)
#8 D:\Kuliah\Kerja Praktik\program\ekasir\public\index.php(37): CodeIgniter\CodeIgniter->run()
#9 D:\Kuliah\Kerja Praktik\program\ekasir\system\Commands\Server\rewrite.php(43): require_once('D:\\Kuliah\\Kerja...')
#10 {main}
CRITICAL - 2022-07-20 10:36:35 --> syntax error, unexpected token "]", expecting identifier or variable or "{" or "$"
#0 D:\Kuliah\Kerja Praktik\program\ekasir\system\Autoloader\Autoloader.php(241): CodeIgniter\Autoloader\Autoloader->includeFile('D:\\Kuliah\\Kerja...')
#1 D:\Kuliah\Kerja Praktik\program\ekasir\system\Autoloader\Autoloader.php(219): CodeIgniter\Autoloader\Autoloader->loadInNamespace('App\\Controllers...')
#2 [internal function]: CodeIgniter\Autoloader\Autoloader->loadClass('App\\Controllers...')
#3 D:\Kuliah\Kerja Praktik\program\ekasir\system\CodeIgniter.php(797): class_exists('\\App\\Controller...', true)
#4 D:\Kuliah\Kerja Praktik\program\ekasir\system\CodeIgniter.php(406): CodeIgniter\CodeIgniter->startController()
#5 D:\Kuliah\Kerja Praktik\program\ekasir\system\CodeIgniter.php(326): CodeIgniter\CodeIgniter->handleRequest(NULL, Object(Config\Cache), false)
#6 D:\Kuliah\Kerja Praktik\program\ekasir\public\index.php(37): CodeIgniter\CodeIgniter->run()
#7 D:\Kuliah\Kerja Praktik\program\ekasir\system\Commands\Server\rewrite.php(43): require_once('D:\\Kuliah\\Kerja...')
#8 {main}
CRITICAL - 2022-07-20 13:22:16 --> Undefined variable $nama_produk
#0 D:\Kuliah\Kerja Praktik\program\ekasir\app\Controllers\DetailPenjualan.php(41): CodeIgniter\Debug\Exceptions->errorHandler(2, 'Undefined varia...', 'D:\\Kuliah\\Kerja...', 41)
#1 D:\Kuliah\Kerja Praktik\program\ekasir\system\CodeIgniter.php(832): App\Controllers\DetailPenjualan->add()
#2 D:\Kuliah\Kerja Praktik\program\ekasir\system\CodeIgniter.php(419): CodeIgniter\CodeIgniter->runController(Object(App\Controllers\DetailPenjualan))
#3 D:\Kuliah\Kerja Praktik\program\ekasir\system\CodeIgniter.php(326): CodeIgniter\CodeIgniter->handleRequest(NULL, Object(Config\Cache), false)
#4 D:\Kuliah\Kerja Praktik\program\ekasir\public\index.php(37): CodeIgniter\CodeIgniter->run()
#5 D:\Kuliah\Kerja Praktik\program\ekasir\system\Commands\Server\rewrite.php(43): require_once('D:\\Kuliah\\Kerja...')
#6 {main}
CRITICAL - 2022-07-20 14:45:33 --> Call to undefined method CodeIgniter\HTTP\IncomingRequest::getHarga()
#0 D:\Kuliah\Kerja Praktik\program\ekasir\system\CodeIgniter.php(832): App\Controllers\DetailPenjualan->add()
#1 D:\Kuliah\Kerja Praktik\program\ekasir\system\CodeIgniter.php(419): CodeIgniter\CodeIgniter->runController(Object(App\Controllers\DetailPenjualan))
#2 D:\Kuliah\Kerja Praktik\program\ekasir\system\CodeIgniter.php(326): CodeIgniter\CodeIgniter->handleRequest(NULL, Object(Config\Cache), false)
#3 D:\Kuliah\Kerja Praktik\program\ekasir\public\index.php(37): CodeIgniter\CodeIgniter->run()
#4 D:\Kuliah\Kerja Praktik\program\ekasir\system\Commands\Server\rewrite.php(43): require_once('D:\\Kuliah\\Kerja...')
#5 {main}
CRITICAL - 2022-07-20 14:46:01 --> Call to undefined method CodeIgniter\Database\MySQLi\Connection::select()
#0 D:\Kuliah\Kerja Praktik\program\ekasir\app\Controllers\DetailPenjualan.php(44): App\Models\DetailPenjualanModel->getHarga()
#1 D:\Kuliah\Kerja Praktik\program\ekasir\system\CodeIgniter.php(832): App\Controllers\DetailPenjualan->add()
#2 D:\Kuliah\Kerja Praktik\program\ekasir\system\CodeIgniter.php(419): CodeIgniter\CodeIgniter->runController(Object(App\Controllers\DetailPenjualan))
#3 D:\Kuliah\Kerja Praktik\program\ekasir\system\CodeIgniter.php(326): CodeIgniter\CodeIgniter->handleRequest(NULL, Object(Config\Cache), false)
#4 D:\Kuliah\Kerja Praktik\program\ekasir\public\index.php(37): CodeIgniter\CodeIgniter->run()
#5 D:\Kuliah\Kerja Praktik\program\ekasir\system\Commands\Server\rewrite.php(43): require_once('D:\\Kuliah\\Kerja...')
#6 {main}
CRITICAL - 2022-07-20 14:46:12 --> Call to undefined method CodeIgniter\Database\MySQLi\Connection::select()
#0 D:\Kuliah\Kerja Praktik\program\ekasir\app\Controllers\DetailPenjualan.php(44): App\Models\DetailPenjualanModel->getHarga()
#1 D:\Kuliah\Kerja Praktik\program\ekasir\system\CodeIgniter.php(832): App\Controllers\DetailPenjualan->add()
#2 D:\Kuliah\Kerja Praktik\program\ekasir\system\CodeIgniter.php(419): CodeIgniter\CodeIgniter->runController(Object(App\Controllers\DetailPenjualan))
#3 D:\Kuliah\Kerja Praktik\program\ekasir\system\CodeIgniter.php(326): CodeIgniter\CodeIgniter->handleRequest(NULL, Object(Config\Cache), false)
#4 D:\Kuliah\Kerja Praktik\program\ekasir\public\index.php(37): CodeIgniter\CodeIgniter->run()
#5 D:\Kuliah\Kerja Praktik\program\ekasir\system\Commands\Server\rewrite.php(43): require_once('D:\\Kuliah\\Kerja...')
#6 {main}
CRITICAL - 2022-07-20 14:47:16 --> Call to undefined method CodeIgniter\Database\MySQLi\Connection::select()
#0 D:\Kuliah\Kerja Praktik\program\ekasir\app\Controllers\DetailPenjualan.php(44): App\Models\DetailPenjualanModel->getHarga()
#1 D:\Kuliah\Kerja Praktik\program\ekasir\system\CodeIgniter.php(832): App\Controllers\DetailPenjualan->add()
#2 D:\Kuliah\Kerja Praktik\program\ekasir\system\CodeIgniter.php(419): CodeIgniter\CodeIgniter->runController(Object(App\Controllers\DetailPenjualan))
#3 D:\Kuliah\Kerja Praktik\program\ekasir\system\CodeIgniter.php(326): CodeIgniter\CodeIgniter->handleRequest(NULL, Object(Config\Cache), false)
#4 D:\Kuliah\Kerja Praktik\program\ekasir\public\index.php(37): CodeIgniter\CodeIgniter->run()
#5 D:\Kuliah\Kerja Praktik\program\ekasir\system\Commands\Server\rewrite.php(43): require_once('D:\\Kuliah\\Kerja...')
#6 {main}
CRITICAL - 2022-07-20 14:52:18 --> Call to undefined method CodeIgniter\Database\MySQLi\Connection::select()
#0 D:\Kuliah\Kerja Praktik\program\ekasir\app\Controllers\DetailPenjualan.php(44): App\Models\DetailPenjualanModel->getHarga()
#1 D:\Kuliah\Kerja Praktik\program\ekasir\system\CodeIgniter.php(832): App\Controllers\DetailPenjualan->add()
#2 D:\Kuliah\Kerja Praktik\program\ekasir\system\CodeIgniter.php(419): CodeIgniter\CodeIgniter->runController(Object(App\Controllers\DetailPenjualan))
#3 D:\Kuliah\Kerja Praktik\program\ekasir\system\CodeIgniter.php(326): CodeIgniter\CodeIgniter->handleRequest(NULL, Object(Config\Cache), false)
#4 D:\Kuliah\Kerja Praktik\program\ekasir\public\index.php(37): CodeIgniter\CodeIgniter->run()
#5 D:\Kuliah\Kerja Praktik\program\ekasir\system\Commands\Server\rewrite.php(43): require_once('D:\\Kuliah\\Kerja...')
#6 {main}
CRITICAL - 2022-07-20 18:19:53 --> Call to undefined method App\Models\DetailPenjualanModel::getHarga
#0 D:\Kuliah\Kerja Praktik\program\ekasir\app\Controllers\DetailPenjualan.php(44): CodeIgniter\Model->__call('getHarga', Array)
#1 D:\Kuliah\Kerja Praktik\program\ekasir\system\CodeIgniter.php(832): App\Controllers\DetailPenjualan->add()
#2 D:\Kuliah\Kerja Praktik\program\ekasir\system\CodeIgniter.php(419): CodeIgniter\CodeIgniter->runController(Object(App\Controllers\DetailPenjualan))
#3 D:\Kuliah\Kerja Praktik\program\ekasir\system\CodeIgniter.php(326): CodeIgniter\CodeIgniter->handleRequest(NULL, Object(Config\Cache), false)
#4 D:\Kuliah\Kerja Praktik\program\ekasir\public\index.php(37): CodeIgniter\CodeIgniter->run()
#5 D:\Kuliah\Kerja Praktik\program\ekasir\system\Commands\Server\rewrite.php(43): require_once('D:\\Kuliah\\Kerja...')
#6 {main}
CRITICAL - 2022-07-20 18:20:42 --> Call to undefined method App\Models\DetailPenjualanModel::getHarga
#0 D:\Kuliah\Kerja Praktik\program\ekasir\app\Controllers\DetailPenjualan.php(44): CodeIgniter\Model->__call('getHarga', Array)
#1 D:\Kuliah\Kerja Praktik\program\ekasir\system\CodeIgniter.php(832): App\Controllers\DetailPenjualan->add()
#2 D:\Kuliah\Kerja Praktik\program\ekasir\system\CodeIgniter.php(419): CodeIgniter\CodeIgniter->runController(Object(App\Controllers\DetailPenjualan))
#3 D:\Kuliah\Kerja Praktik\program\ekasir\system\CodeIgniter.php(326): CodeIgniter\CodeIgniter->handleRequest(NULL, Object(Config\Cache), false)
#4 D:\Kuliah\Kerja Praktik\program\ekasir\public\index.php(37): CodeIgniter\CodeIgniter->run()
#5 D:\Kuliah\Kerja Praktik\program\ekasir\system\Commands\Server\rewrite.php(43): require_once('D:\\Kuliah\\Kerja...')
#6 {main}
CRITICAL - 2022-07-20 20:00:49 --> Call to undefined method CodeIgniter\Database\MySQLi\Connection::select()
#0 D:\Kuliah\Kerja Praktik\program\ekasir\app\Controllers\DetailPenjualan.php(44): App\Models\DetailPenjualanModel->getHargaSat()
#1 D:\Kuliah\Kerja Praktik\program\ekasir\system\CodeIgniter.php(832): App\Controllers\DetailPenjualan->add()
#2 D:\Kuliah\Kerja Praktik\program\ekasir\system\CodeIgniter.php(419): CodeIgniter\CodeIgniter->runController(Object(App\Controllers\DetailPenjualan))
#3 D:\Kuliah\Kerja Praktik\program\ekasir\system\CodeIgniter.php(326): CodeIgniter\CodeIgniter->handleRequest(NULL, Object(Config\Cache), false)
#4 D:\Kuliah\Kerja Praktik\program\ekasir\public\index.php(37): CodeIgniter\CodeIgniter->run()
#5 D:\Kuliah\Kerja Praktik\program\ekasir\system\Commands\Server\rewrite.php(43): require_once('D:\\Kuliah\\Kerja...')
#6 {main}
CRITICAL - 2022-07-20 22:57:34 --> Call to undefined method CodeIgniter\Database\MySQLi\Connection::select()
#0 D:\Kuliah\Kerja Praktik\program\ekasir\app\Controllers\DetailPenjualan.php(43): App\Models\DetailPenjualanModel->getHargaSat()
#1 D:\Kuliah\Kerja Praktik\program\ekasir\system\CodeIgniter.php(832): App\Controllers\DetailPenjualan->add()
#2 D:\Kuliah\Kerja Praktik\program\ekasir\system\CodeIgniter.php(419): CodeIgniter\CodeIgniter->runController(Object(App\Controllers\DetailPenjualan))
#3 D:\Kuliah\Kerja Praktik\program\ekasir\system\CodeIgniter.php(326): CodeIgniter\CodeIgniter->handleRequest(NULL, Object(Config\Cache), false)
#4 D:\Kuliah\Kerja Praktik\program\ekasir\public\index.php(37): CodeIgniter\CodeIgniter->run()
#5 D:\Kuliah\Kerja Praktik\program\ekasir\system\Commands\Server\rewrite.php(43): require_once('D:\\Kuliah\\Kerja...')
#6 {main}
