CRITICAL - 2022-06-24 00:02:13 --> Undefined array key "deskripsi"
#0 D:\Kuliah\Kerja Praktik\program\ekasir\app\Views\produk\edit_produk.php(27): CodeIgniter\Debug\Exceptions->errorHandler(2, 'Undefined array...', 'D:\\Kuliah\\Kerja...', 27)
#1 D:\Kuliah\Kerja Praktik\program\ekasir\system\View\View.php(210): include('D:\\Kuliah\\Kerja...')
#2 D:\Kuliah\Kerja Praktik\program\ekasir\system\View\View.php(213): CodeIgniter\View\View->CodeIgniter\View\{closure}()
#3 D:\Kuliah\Kerja Praktik\program\ekasir\system\Common.php(1089): CodeIgniter\View\View->render('produk/edit_pro...', Array, true)
#4 D:\Kuliah\Kerja Praktik\program\ekasir\app\Controllers\Produk.php(38): view('produk/edit_pro...', Array)
#5 D:\Kuliah\Kerja Praktik\program\ekasir\system\CodeIgniter.php(832): App\Controllers\Produk->show('1')
#6 D:\Kuliah\Kerja Praktik\program\ekasir\system\CodeIgniter.php(419): CodeIgniter\CodeIgniter->runController(Object(App\Controllers\Produk))
#7 D:\Kuliah\Kerja Praktik\program\ekasir\system\CodeIgniter.php(326): CodeIgniter\CodeIgniter->handleRequest(NULL, Object(Config\Cache), false)
#8 D:\Kuliah\Kerja Praktik\program\ekasir\public\index.php(37): CodeIgniter\CodeIgniter->run()
#9 D:\Kuliah\Kerja Praktik\program\ekasir\system\Commands\Server\rewrite.php(43): require_once('D:\\Kuliah\\Kerja...')
#10 {main}
ERROR - 2022-06-24 00:03:18 --> Unknown column 'produk' in 'field list'
CRITICAL - 2022-06-24 00:03:18 --> Unknown column 'produk' in 'field list'
#0 D:\Kuliah\Kerja Praktik\program\ekasir\system\Database\MySQLi\Connection.php(292): mysqli->query('SELECT `produk`...', 0)
#1 D:\Kuliah\Kerja Praktik\program\ekasir\system\Database\BaseConnection.php(670): CodeIgniter\Database\MySQLi\Connection->execute('SELECT `produk`...')
#2 D:\Kuliah\Kerja Praktik\program\ekasir\system\Database\BaseConnection.php(598): CodeIgniter\Database\BaseConnection->simpleQuery('SELECT `produk`...')
#3 D:\Kuliah\Kerja Praktik\program\ekasir\system\Database\BaseBuilder.php(1455): CodeIgniter\Database\BaseConnection->query('SELECT `produk`...', Array, false)
#4 D:\Kuliah\Kerja Praktik\program\ekasir\system\Model.php(183): CodeIgniter\Database\BaseBuilder->get()
#5 D:\Kuliah\Kerja Praktik\program\ekasir\system\BaseModel.php(584): CodeIgniter\Model->doFindAll(0, 0)
#6 D:\Kuliah\Kerja Praktik\program\ekasir\app\Controllers\Produk.php(21): CodeIgniter\BaseModel->findAll()
#7 D:\Kuliah\Kerja Praktik\program\ekasir\system\CodeIgniter.php(832): App\Controllers\Produk->index()
#8 D:\Kuliah\Kerja Praktik\program\ekasir\system\CodeIgniter.php(419): CodeIgniter\CodeIgniter->runController(Object(App\Controllers\Produk))
#9 D:\Kuliah\Kerja Praktik\program\ekasir\system\CodeIgniter.php(326): CodeIgniter\CodeIgniter->handleRequest(NULL, Object(Config\Cache), false)
#10 D:\Kuliah\Kerja Praktik\program\ekasir\public\index.php(37): CodeIgniter\CodeIgniter->run()
#11 D:\Kuliah\Kerja Praktik\program\ekasir\system\Commands\Server\rewrite.php(43): require_once('D:\\Kuliah\\Kerja...')
#12 {main}
CRITICAL - 2022-06-24 00:14:08 --> Trying to access array offset on value of type null
#0 D:\Kuliah\Kerja Praktik\program\ekasir\app\Views\produk\edit_produk.php(4): CodeIgniter\Debug\Exceptions->errorHandler(2, 'Trying to acces...', 'D:\\Kuliah\\Kerja...', 4)
#1 D:\Kuliah\Kerja Praktik\program\ekasir\system\View\View.php(210): include('D:\\Kuliah\\Kerja...')
#2 D:\Kuliah\Kerja Praktik\program\ekasir\system\View\View.php(213): CodeIgniter\View\View->CodeIgniter\View\{closure}()
#3 D:\Kuliah\Kerja Praktik\program\ekasir\system\Common.php(1089): CodeIgniter\View\View->render('produk/edit_pro...', Array, true)
#4 D:\Kuliah\Kerja Praktik\program\ekasir\app\Controllers\Produk.php(38): view('produk/edit_pro...', Array)
#5 D:\Kuliah\Kerja Praktik\program\ekasir\system\CodeIgniter.php(832): App\Controllers\Produk->show('edit_produk1')
#6 D:\Kuliah\Kerja Praktik\program\ekasir\system\CodeIgniter.php(419): CodeIgniter\CodeIgniter->runController(Object(App\Controllers\Produk))
#7 D:\Kuliah\Kerja Praktik\program\ekasir\system\CodeIgniter.php(326): CodeIgniter\CodeIgniter->handleRequest(NULL, Object(Config\Cache), false)
#8 D:\Kuliah\Kerja Praktik\program\ekasir\public\index.php(37): CodeIgniter\CodeIgniter->run()
#9 D:\Kuliah\Kerja Praktik\program\ekasir\system\Commands\Server\rewrite.php(43): require_once('D:\\Kuliah\\Kerja...')
#10 {main}
CRITICAL - 2022-06-24 00:14:51 --> Trying to access array offset on value of type null
#0 D:\Kuliah\Kerja Praktik\program\ekasir\app\Views\produk\edit_produk.php(4): CodeIgniter\Debug\Exceptions->errorHandler(2, 'Trying to acces...', 'D:\\Kuliah\\Kerja...', 4)
#1 D:\Kuliah\Kerja Praktik\program\ekasir\system\View\View.php(210): include('D:\\Kuliah\\Kerja...')
#2 D:\Kuliah\Kerja Praktik\program\ekasir\system\View\View.php(213): CodeIgniter\View\View->CodeIgniter\View\{closure}()
#3 D:\Kuliah\Kerja Praktik\program\ekasir\system\Common.php(1089): CodeIgniter\View\View->render('produk/edit_pro...', Array, true)
#4 D:\Kuliah\Kerja Praktik\program\ekasir\app\Controllers\Produk.php(38): view('produk/edit_pro...', Array)
#5 D:\Kuliah\Kerja Praktik\program\ekasir\system\CodeIgniter.php(832): App\Controllers\Produk->show('edit_produk1')
#6 D:\Kuliah\Kerja Praktik\program\ekasir\system\CodeIgniter.php(419): CodeIgniter\CodeIgniter->runController(Object(App\Controllers\Produk))
#7 D:\Kuliah\Kerja Praktik\program\ekasir\system\CodeIgniter.php(326): CodeIgniter\CodeIgniter->handleRequest(NULL, Object(Config\Cache), false)
#8 D:\Kuliah\Kerja Praktik\program\ekasir\public\index.php(37): CodeIgniter\CodeIgniter->run()
#9 D:\Kuliah\Kerja Praktik\program\ekasir\system\Commands\Server\rewrite.php(43): require_once('D:\\Kuliah\\Kerja...')
#10 {main}
CRITICAL - 2022-06-24 00:16:46 --> Trying to access array offset on value of type null
#0 D:\Kuliah\Kerja Praktik\program\ekasir\app\Views\produk\edit_produk.php(4): CodeIgniter\Debug\Exceptions->errorHandler(2, 'Trying to acces...', 'D:\\Kuliah\\Kerja...', 4)
#1 D:\Kuliah\Kerja Praktik\program\ekasir\system\View\View.php(210): include('D:\\Kuliah\\Kerja...')
#2 D:\Kuliah\Kerja Praktik\program\ekasir\system\View\View.php(213): CodeIgniter\View\View->CodeIgniter\View\{closure}()
#3 D:\Kuliah\Kerja Praktik\program\ekasir\system\Common.php(1089): CodeIgniter\View\View->render('produk/edit_pro...', Array, true)
#4 D:\Kuliah\Kerja Praktik\program\ekasir\app\Controllers\Produk.php(38): view('produk/edit_pro...', Array)
#5 D:\Kuliah\Kerja Praktik\program\ekasir\system\CodeIgniter.php(832): App\Controllers\Produk->show('edit_produk1')
#6 D:\Kuliah\Kerja Praktik\program\ekasir\system\CodeIgniter.php(419): CodeIgniter\CodeIgniter->runController(Object(App\Controllers\Produk))
#7 D:\Kuliah\Kerja Praktik\program\ekasir\system\CodeIgniter.php(326): CodeIgniter\CodeIgniter->handleRequest(NULL, Object(Config\Cache), false)
#8 D:\Kuliah\Kerja Praktik\program\ekasir\public\index.php(37): CodeIgniter\CodeIgniter->run()
#9 D:\Kuliah\Kerja Praktik\program\ekasir\system\Commands\Server\rewrite.php(43): require_once('D:\\Kuliah\\Kerja...')
#10 {main}
